c:\sp\src\utils\vrad_launcher\debug\vrad_launcher.pch
c:\sp\src\utils\vrad_launcher\release\vc120.pdb
c:\sp\src\utils\vrad_launcher\release\stdafx.obj
c:\sp\src\utils\vrad_launcher\release\vrad_launcher.obj
c:\sp\src\utils\vrad_launcher\release\pointeroverride.obj
c:\sp\src\utils\vrad_launcher\vrad_launcher.vpc.sentinel
c:\sp\src\utils\vrad_launcher\release\vrad.exe
c:\sp\src\utils\vrad_launcher\release\vrad.pdb
c:\sp\src\utils\vrad_launcher\release\vrad.lib
c:\sp\src\utils\vrad_launcher\release\vrad.exp
c:\sp\src\utils\vrad_launcher\.\release\.\vrad.exe
c:\sp\src\utils\vrad_launcher\release\vrad_launcher.tlog\cl.command.1.tlog
c:\sp\src\utils\vrad_launcher\release\vrad_launcher.tlog\cl.read.1.tlog
c:\sp\src\utils\vrad_launcher\release\vrad_launcher.tlog\cl.write.1.tlog
c:\sp\src\utils\vrad_launcher\release\vrad_launcher.tlog\custombuild.command.1.tlog
c:\sp\src\utils\vrad_launcher\release\vrad_launcher.tlog\custombuild.read.1.tlog
c:\sp\src\utils\vrad_launcher\release\vrad_launcher.tlog\custombuild.write.1.tlog
c:\sp\src\utils\vrad_launcher\release\vrad_launcher.tlog\link.command.1.tlog
c:\sp\src\utils\vrad_launcher\release\vrad_launcher.tlog\link.read.1.tlog
c:\sp\src\utils\vrad_launcher\release\vrad_launcher.tlog\link.write.1.tlog
c:\sp\src\utils\vrad_launcher\release\vrad_launcher.tlog\vrad_launcher.write.1u.tlog
