c:\sp\src\utils\vice\release\vc120.pdb
c:\sp\src\utils\vice\release\pointeroverride.obj
c:\sp\src\utils\vice\vice.vpc.sentinel
c:\sp\src\utils\vice\release\vice.exe
c:\sp\src\utils\vice\release\vice.pdb
c:\sp\src\utils\vice\release\vice.lib
c:\sp\src\utils\vice\release\vice.exp
c:\sp\src\utils\vice\release\cmdlib.obj
c:\sp\src\utils\vice\release\filesystem_helpers.obj
c:\sp\src\utils\vice\release\filesystem_init.obj
c:\sp\src\utils\vice\release\filesystem_tools.obj
c:\sp\src\utils\vice\release\memoverride.obj
c:\sp\src\utils\vice\release\vice.obj
c:\sp\src\utils\vice\.\release\.\vice.exe
c:\sp\src\utils\vice\release\vice.tlog\cl.command.1.tlog
c:\sp\src\utils\vice\release\vice.tlog\cl.read.1.tlog
c:\sp\src\utils\vice\release\vice.tlog\cl.write.1.tlog
c:\sp\src\utils\vice\release\vice.tlog\custombuild.command.1.tlog
c:\sp\src\utils\vice\release\vice.tlog\custombuild.read.1.tlog
c:\sp\src\utils\vice\release\vice.tlog\custombuild.write.1.tlog
c:\sp\src\utils\vice\release\vice.tlog\link.command.1.tlog
c:\sp\src\utils\vice\release\vice.tlog\link.read.1.tlog
c:\sp\src\utils\vice\release\vice.tlog\link.write.1.tlog
c:\sp\src\utils\vice\release\vice.tlog\vice.write.1u.tlog
