c:\sp\src\utils\vbsp\release\vc120.pdb
c:\sp\src\utils\vbsp\release\pointeroverride.obj
c:\sp\src\utils\vbsp\vbsp.vpc.sentinel
c:\sp\src\utils\vbsp\release\vbsp.exe
c:\sp\src\utils\vbsp\release\vbsp.pdb
c:\sp\src\utils\vbsp\release\vbsp.lib
c:\sp\src\utils\vbsp\release\vbsp.exp
c:\sp\src\utils\vbsp\release\boundbox.obj
c:\sp\src\utils\vbsp\release\brushbsp.obj
c:\sp\src\utils\vbsp\release\bsplib.obj
c:\sp\src\utils\vbsp\release\builddisp.obj
c:\sp\src\utils\vbsp\release\chunkfile.obj
c:\sp\src\utils\vbsp\release\cmdlib.obj
c:\sp\src\utils\vbsp\release\collisionutils.obj
c:\sp\src\utils\vbsp\release\csg.obj
c:\sp\src\utils\vbsp\release\cubemap.obj
c:\sp\src\utils\vbsp\release\detail.obj
c:\sp\src\utils\vbsp\release\detailobjects.obj
c:\sp\src\utils\vbsp\release\disp_common.obj
c:\sp\src\utils\vbsp\release\disp_ivp.obj
c:\sp\src\utils\vbsp\release\disp_powerinfo.obj
c:\sp\src\utils\vbsp\release\disp_vbsp.obj
c:\sp\src\utils\vbsp\release\faces.obj
c:\sp\src\utils\vbsp\release\filesystem_helpers.obj
c:\sp\src\utils\vbsp\release\filesystem_init.obj
c:\sp\src\utils\vbsp\release\filesystem_tools.obj
c:\sp\src\utils\vbsp\release\glfile.obj
c:\sp\src\utils\vbsp\release\ivp.obj
c:\sp\src\utils\vbsp\release\leakfile.obj
c:\sp\src\utils\vbsp\release\loadcmdline.obj
c:\sp\src\utils\vbsp\release\lumpfiles.obj
c:\sp\src\utils\vbsp\release\manifest.obj
c:\sp\src\utils\vbsp\release\map.obj
c:\sp\src\utils\vbsp\release\map_shared.obj
c:\sp\src\utils\vbsp\release\materialpatch.obj
c:\sp\src\utils\vbsp\release\materialsub.obj
c:\sp\src\utils\vbsp\release\memoverride.obj
c:\sp\src\utils\vbsp\release\mstristrip.obj
c:\sp\src\utils\vbsp\release\nodraw.obj
c:\sp\src\utils\vbsp\release\normals.obj
c:\sp\src\utils\vbsp\release\overlay.obj
c:\sp\src\utils\vbsp\release\pacifier.obj
c:\sp\src\utils\vbsp\release\physdll.obj
c:\sp\src\utils\vbsp\release\polylib.obj
c:\sp\src\utils\vbsp\release\portals.obj
c:\sp\src\utils\vbsp\release\prtfile.obj
c:\sp\src\utils\vbsp\release\scratchpad3d.obj
c:\sp\src\utils\vbsp\release\scratchpad_helpers.obj
c:\sp\src\utils\vbsp\release\scriplib.obj
c:\sp\src\utils\vbsp\release\staticprop.obj
c:\sp\src\utils\vbsp\release\textures.obj
c:\sp\src\utils\vbsp\release\threads.obj
c:\sp\src\utils\vbsp\release\tools_minidump.obj
c:\sp\src\utils\vbsp\release\tree.obj
c:\sp\src\utils\vbsp\release\utilmatlib.obj
c:\sp\src\utils\vbsp\release\vbsp.obj
c:\sp\src\utils\vbsp\release\worldvertextransitionfixup.obj
c:\sp\src\utils\vbsp\release\writebsp.obj
c:\sp\src\utils\vbsp\release\zip_utils.obj
c:\sp\src\utils\vbsp\.\release\.\vbsp.exe
c:\sp\src\utils\vbsp\release\vbsp.tlog\cl.command.1.tlog
c:\sp\src\utils\vbsp\release\vbsp.tlog\cl.read.1.tlog
c:\sp\src\utils\vbsp\release\vbsp.tlog\cl.write.1.tlog
c:\sp\src\utils\vbsp\release\vbsp.tlog\custombuild.command.1.tlog
c:\sp\src\utils\vbsp\release\vbsp.tlog\custombuild.read.1.tlog
c:\sp\src\utils\vbsp\release\vbsp.tlog\custombuild.write.1.tlog
c:\sp\src\utils\vbsp\release\vbsp.tlog\link.command.1.tlog
c:\sp\src\utils\vbsp\release\vbsp.tlog\link.read.1.tlog
c:\sp\src\utils\vbsp\release\vbsp.tlog\link.write.1.tlog
c:\sp\src\utils\vbsp\release\vbsp.tlog\vbsp.write.1u.tlog
