Build started 6/6/2018 7:22:20 AM.
     1>Project "C:\mp\src\utils\serverplugin_sample\serverplugin_empty.vcxproj" on node 2 (Build target(s)).
     1>PreBuildEvent:
         if EXIST ..\..\..\game\bin\.\serverplugin_empty.dll for /f "delims=" %%A in ('attrib "..\..\..\game\bin\.\serverplugin_empty.dll"') do set valveTmpIsReadOnly="%%A"
         set valveTmpIsReadOnlyLetter=%valveTmpIsReadOnly:~6,1%
         if "%valveTmpIsReadOnlyLetter%"=="R" del /q "C:\mp\src\utils\serverplugin_sample\Release\"serverplugin_empty.dll
         if exist "..\..\devtools\bin\vpc.exe" "..\..\devtools\bin\vpc.exe" -crc2 "serverplugin_empty.vcxproj"
         if ERRORLEVEL 1 exit /b 1
         
         :VCEnd
       CustomBuild:
         Compiling pointeroverride.asm
          Assembling: C:\mp\src\public\tier0\pointeroverride.asm
         Microsoft (R) Macro Assembler Version 12.00.40629.0
         Copyright (C) Microsoft Corporation.  All rights reserved.
         
         Running VPC CRC Check - serverplugin_empty.vpc
       ClCompile:
         G:\Software\VS2013\VC\bin\CL.exe /c /I..\..\common /I..\..\public /I..\..\public\tier0 /I..\..\public\tier1 /I..\..\game\server /I..\..\game\shared /Zi /nologo /W4 /WX /MP /O2 /Ob2 /Oi /Ot /Oy- /D VPC /D RAD_TELEMETRY_DISABLED /D WIN32 /D _WIN32 /D NDEBUG /D _WINDOWS /D _USRDLL /D _CRT_SECURE_NO_DEPRECATE /D _CRT_NONSTDC_NO_DEPRECATE /D _ALLOW_RUNTIME_LIBRARY_MISMATCH /D _ALLOW_ITERATOR_DEBUG_LEVEL_MISMATCH /D _ALLOW_MSC_VER_MISMATCH /D _USING_V110_SDK71_ /D _WINDLL /D _MBCS /D COMPILER_MSVC32 /D COMPILER_MSVC32 /D COMPILER_MSVC /D _DLL_EXT=.dll /D DLLNAME=serverplugin_empty /D BINK_VIDEO /D AVI_VIDEO /D WMV_VIDEO /D DEV_BUILD /D FRAME_POINTER_OMISSION_DISABLED /D serverplugin_emptyONLY /D _MBCS /D _EXTERNAL_DLL_EXT=.dll /D VPCGAMECAPS=HL2MP /D PROJECTDIR=C:\mp\src\utils\serverplugin_sample /D _DLL_EXT=.dll /D SOURCE1=1 /D VPCGAME=hl2mp /GF /Gm- /MT /GS /Gy /arch:SSE /fp:fast /Zc:wchar_t /Zc:forScope /GR /Fo".\Release\.\/" /Fd".\Release\.\/vc120.pdb" /Gd /TP /wd4316 /analyze- /FC /errorReport:prompt /Zm200 /Zo /Gw /Zc:inline ..\..\public\tier0\memoverride.cpp serverplugin_bot.cpp serverplugin_empty.cpp
         memoverride.cpp
         serverplugin_bot.cpp
         serverplugin_empty.cpp
       Link:
         G:\Software\VS2013\VC\bin\link.exe /ERRORREPORT:PROMPT /OUT:".\Release\.\\serverplugin_empty.dll" /INCREMENTAL:NO /NOLOGO /LIBPATH:..\..\lib\common\. /LIBPATH:..\..\lib\public\. shell32.lib user32.lib advapi32.lib gdi32.lib comdlg32.lib ole32.lib odbc32.lib odbccp32.lib /NODEFAULTLIB:libc /NODEFAULTLIB:libcd /NODEFAULTLIB:libcmtd /NODEFAULTLIB:libcpmtd /NODEFAULTLIB:libcpmtd0 /NODEFAULTLIB:libcpmtd1 /MANIFEST:NO /DEBUG /PDB:".\Release\.\/serverplugin_empty.pdb" /SUBSYSTEM:WINDOWS,"5.01" /OPT:REF /OPT:NOICF /TLBID:1 /DYNAMICBASE:NO /NXCOMPAT /IMPLIB:".\Release\.\serverplugin_empty.lib" /MACHINE:X86 /SAFESEH:NO  /ignore:4221 /DLL .\Release\.\\pointeroverride.obj
         .\Release\.\/memoverride.obj
         .\Release\.\/serverplugin_bot.obj
         .\Release\.\/serverplugin_empty.obj
         ..\..\lib\public\mathlib.lib
         ..\..\lib\public\tier0.lib
         ..\..\lib\public\tier1.lib
         ..\..\lib\public\tier2.lib
         ..\..\lib\public\vstdlib.lib
            Creating library .\Release\.\serverplugin_empty.lib and object .\Release\.\serverplugin_empty.exp
         serverplugin_empty.vcxproj -> C:\mp\src\utils\serverplugin_sample\.\Release\.\serverplugin_empty.dll
       PostBuildEvent:
         if not exist "..\..\..\game\bin\." mkdir "..\..\..\game\bin\."
         copy "C:\mp\src\utils\serverplugin_sample\Release\serverplugin_empty.dll" "..\..\..\game\bin\.\serverplugin_empty.dll"
         if ERRORLEVEL 1 goto BuildEventFailed
         if exist "C:\mp\src\utils\serverplugin_sample\Release\serverplugin_empty.map" copy "C:\mp\src\utils\serverplugin_sample\Release\serverplugin_empty.map" ..\..\..\game\bin\.\serverplugin_empty.map
         copy "C:\mp\src\utils\serverplugin_sample\Release\serverplugin_empty.pdb" ..\..\..\game\bin\.\serverplugin_empty.pdb
         if ERRORLEVEL 1 goto BuildEventFailed
         goto BuildEventOK
         :BuildEventFailed
         echo *** ERROR! PostBuildStep FAILED for Serverplugin_empty! EXE or DLL is probably running. ***
         del /q "C:\mp\src\utils\serverplugin_sample\Release\serverplugin_empty.dll"
         exit 1
         :BuildEventOK
         
         :VCEnd
                 1 file(s) copied.
                 1 file(s) copied.
     1>Done Building Project "C:\mp\src\utils\serverplugin_sample\serverplugin_empty.vcxproj" (Build target(s)).

Build succeeded.

Time Elapsed 00:00:04.54
