c:\sp\src\game\client\release_mod_hl2\client.pch
c:\sp\src\game\client\release_mod_hl2\vc120.pdb
c:\sp\src\game\client\release_mod_hl2\stdafx.obj
c:\sp\src\game\client\release_mod_hl2\achievement_saverestore.obj
c:\sp\src\game\client\release_mod_hl2\achievements_hlx.obj
c:\sp\src\game\client\release_mod_hl2\animatedentitytextureproxy.obj
c:\sp\src\game\client\release_mod_hl2\animatespecifictextureproxy.obj
c:\sp\src\game\client\release_mod_hl2\baseachievement.obj
c:\sp\src\game\client\release_mod_hl2\baseplayer_shared.obj
c:\sp\src\game\client\release_mod_hl2\c_baseanimating.obj
c:\sp\src\game\client\release_mod_hl2\c_func_occluder.obj
c:\sp\src\game\client\release_mod_hl2\c_hairball.obj
c:\sp\src\game\client\release_mod_hl2\c_pixel_visibility.obj
c:\sp\src\game\client\release_mod_hl2\c_shadowcontrol.obj
c:\sp\src\game\client\release_mod_hl2\c_soundscape.obj
c:\sp\src\game\client\release_mod_hl2\c_spotlight_end.obj
c:\sp\src\game\client\release_mod_hl2\c_team.obj
c:\sp\src\game\client\release_mod_hl2\c_tesla.obj
c:\sp\src\game\client\release_mod_hl2\c_vehicle_choreo_generic.obj
c:\sp\src\game\client\release_mod_hl2\cdll_bounded_cvars.obj
c:\sp\src\game\client\release_mod_hl2\classmap.obj
c:\sp\src\game\client\release_mod_hl2\client_virtualreality.obj
c:\sp\src\game\client\release_mod_hl2\dummyproxy.obj
c:\sp\src\game\client\release_mod_hl2\effect_dispatch_data.obj
c:\sp\src\game\client\release_mod_hl2\entitylist_base.obj
c:\sp\src\game\client\release_mod_hl2\entityparticletrail_shared.obj
c:\sp\src\game\client\release_mod_hl2\env_wind_shared.obj
c:\sp\src\game\client\release_mod_hl2\func_ladder.obj
c:\sp\src\game\client\release_mod_hl2\fx_fleck.obj
c:\sp\src\game\client\release_mod_hl2\fx_quad.obj
c:\sp\src\game\client\release_mod_hl2\fx_tracer.obj
c:\sp\src\game\client\release_mod_hl2\gamerules.obj
c:\sp\src\game\client\release_mod_hl2\hintmessage.obj
c:\sp\src\game\client\release_mod_hl2\hltvcamera.obj
c:\sp\src\game\client\release_mod_hl2\hud_bitmapnumericdisplay.obj
c:\sp\src\game\client\release_mod_hl2\hud_filmdemo.obj
c:\sp\src\game\client\release_mod_hl2\hud_hintdisplay.obj
c:\sp\src\game\client\release_mod_hl2\igamesystem.obj
c:\sp\src\game\client\release_mod_hl2\in_joystick.obj
c:\sp\src\game\client\release_mod_hl2\menu.obj
c:\sp\src\game\client\release_mod_hl2\particles_attractor.obj
c:\sp\src\game\client\release_mod_hl2\particles_ez.obj
c:\sp\src\game\client\release_mod_hl2\perfvisualbenchmark.obj
c:\sp\src\game\client\release_mod_hl2\physics_main_client.obj
c:\sp\src\game\client\release_mod_hl2\physics_shared.obj
c:\sp\src\game\client\release_mod_hl2\point_posecontroller.obj
c:\sp\src\game\client\release_mod_hl2\proxyentity.obj
c:\sp\src\game\client\release_mod_hl2\proxyplayer.obj
c:\sp\src\game\client\release_mod_hl2\sceneentity_shared.obj
c:\sp\src\game\client\release_mod_hl2\sequence_transitioner.obj
c:\sp\src\game\client\release_mod_hl2\simple_keys.obj
c:\sp\src\game\client\release_mod_hl2\singleplay_gamerules.obj
c:\sp\src\game\client\release_mod_hl2\soundenvelope.obj
c:\sp\src\game\client\release_mod_hl2\studio_shared.obj
c:\sp\src\game\client\release_mod_hl2\studio_stats.obj
c:\sp\src\game\client\release_mod_hl2\usercmd.obj
c:\sp\src\game\client\release_mod_hl2\vehicle_viewblend_shared.obj
c:\sp\src\game\client\release_mod_hl2\vgui_bitmapbutton.obj
c:\sp\src\game\client\release_mod_hl2\vgui_game_viewport.obj
c:\sp\src\game\client\release_mod_hl2\vgui_grid.obj
c:\sp\src\game\client\release_mod_hl2\vgui_schemevisualizer.obj
c:\sp\src\game\client\release_mod_hl2\view_effects.obj
c:\sp\src\game\client\release_mod_hl2\warp_overlay.obj
c:\sp\src\game\client\release_mod_hl2\waterlodmaterialproxy.obj
c:\sp\src\game\client\release_mod_hl2\weapons_resource.obj
c:\sp\src\game\client\release_mod_hl2\clientscoreboarddialog.obj
c:\sp\src\game\client\release_mod_hl2\spectatorgui.obj
c:\sp\src\game\client\release_mod_hl2\c_basehlcombatweapon.obj
c:\sp\src\game\client\release_mod_hl2\c_env_alyxtemp.obj
c:\sp\src\game\client\release_mod_hl2\c_hl2_playerlocaldata.obj
c:\sp\src\game\client\release_mod_hl2\c_npc_combinegunship.obj
c:\sp\src\game\client\release_mod_hl2\c_strider.obj
c:\sp\src\game\client\release_mod_hl2\c_weapon_stunstick.obj
c:\sp\src\game\client\release_mod_hl2\fx_hl2_tracers.obj
c:\sp\src\game\client\release_mod_hl2\hl2_usermessages.obj
c:\sp\src\game\client\release_mod_hl2\hl_in_main.obj
c:\sp\src\game\client\release_mod_hl2\hl_prediction.obj
c:\sp\src\game\client\release_mod_hl2\hud_blood.obj
c:\sp\src\game\client\release_mod_hl2\hud_damageindicator.obj
c:\sp\src\game\client\release_mod_hl2\hud_posture.obj
c:\sp\src\game\client\release_mod_hl2\script_intro_shared.obj
c:\sp\src\game\client\release_mod_hl2\shieldproxy.obj
c:\sp\src\game\client\release_mod_hl2\sixense_convars.obj
c:\sp\src\game\client\release_mod_hl2\c_effects.obj
c:\sp\src\game\client\release_mod_hl2\c_stickybolt.obj
c:\sp\src\game\client\release_mod_hl2\c_te_beamfollow.obj
c:\sp\src\game\client\release_mod_hl2\c_te_beamring.obj
c:\sp\src\game\client\release_mod_hl2\c_te_bspdecal.obj
c:\sp\src\game\client\release_mod_hl2\c_te_effect_dispatch.obj
c:\sp\src\game\client\release_mod_hl2\c_te_impact.obj
c:\sp\src\game\client\release_mod_hl2\c_te_particlesystem.obj
c:\sp\src\game\client\release_mod_hl2\c_te_showline.obj
c:\sp\src\game\client\release_mod_hl2\c_te_sprite.obj
c:\sp\src\game\client\release_mod_hl2\particlesphererenderer.obj
c:\sp\src\game\client\release_mod_hl2\entity_client_tools.obj
c:\sp\src\game\client\release_mod_hl2\replaycamera.obj
c:\sp\src\game\client\release_mod_hl2\activitylist.obj
c:\sp\src\game\client\release_mod_hl2\baseclientrendertargets.obj
c:\sp\src\game\client\release_mod_hl2\baseentity_shared.obj
c:\sp\src\game\client\release_mod_hl2\basepresence.obj
c:\sp\src\game\client\release_mod_hl2\bone_accessor.obj
c:\sp\src\game\client\release_mod_hl2\c_ai_basehumanoid.obj
c:\sp\src\game\client\release_mod_hl2\c_basecombatweapon.obj
c:\sp\src\game\client\release_mod_hl2\c_entityparticletrail.obj
c:\sp\src\game\client\release_mod_hl2\c_env_particlescript.obj
c:\sp\src\game\client\release_mod_hl2\c_env_screenoverlay.obj
c:\sp\src\game\client\release_mod_hl2\c_fire_smoke.obj
c:\sp\src\game\client\release_mod_hl2\c_func_lod.obj
c:\sp\src\game\client\release_mod_hl2\c_func_reflective_glass.obj
c:\sp\src\game\client\release_mod_hl2\c_func_tracktrain.obj
c:\sp\src\game\client\release_mod_hl2\c_particle_system.obj
c:\sp\src\game\client\release_mod_hl2\c_playerresource.obj
c:\sp\src\game\client\release_mod_hl2\c_ragdoll_manager.obj
c:\sp\src\game\client\release_mod_hl2\c_sceneentity.obj
c:\sp\src\game\client\release_mod_hl2\c_vote_controller.obj
c:\sp\src\game\client\release_mod_hl2\clienteffectprecachesystem.obj
c:\sp\src\game\client\release_mod_hl2\clientleafsystem.obj
c:\sp\src\game\client\release_mod_hl2\collisionproperty.obj
c:\sp\src\game\client\release_mod_hl2\commentary_modelviewer.obj
c:\sp\src\game\client\release_mod_hl2\fx_water.obj
c:\sp\src\game\client\release_mod_hl2\gametrace_client.obj
c:\sp\src\game\client\release_mod_hl2\glow_outline_effect.obj
c:\sp\src\game\client\release_mod_hl2\glow_overlay.obj
c:\sp\src\game\client\release_mod_hl2\hintsystem.obj
c:\sp\src\game\client\release_mod_hl2\hud.obj
c:\sp\src\game\client\release_mod_hl2\hud_closecaption.obj
c:\sp\src\game\client\release_mod_hl2\hud_numericdisplay.obj
c:\sp\src\game\client\release_mod_hl2\in_camera.obj
c:\sp\src\game\client\release_mod_hl2\interpolatedvar.obj
c:\sp\src\game\client\release_mod_hl2\lamphaloproxy.obj
c:\sp\src\game\client\release_mod_hl2\mathproxy.obj
c:\sp\src\game\client\release_mod_hl2\movevars_shared.obj
c:\sp\src\game\client\release_mod_hl2\mp_shareddefs.obj
c:\sp\src\game\client\release_mod_hl2\obstacle_pushaway.obj
c:\sp\src\game\client\release_mod_hl2\particle_collision.obj
c:\sp\src\game\client\release_mod_hl2\particle_proxies.obj
c:\sp\src\game\client\release_mod_hl2\particles_localspace.obj
c:\sp\src\game\client\release_mod_hl2\particles_simple.obj
c:\sp\src\game\client\release_mod_hl2\physics_saverestore.obj
c:\sp\src\game\client\release_mod_hl2\predictioncopy.obj
c:\sp\src\game\client\release_mod_hl2\ragdoll.obj
c:\sp\src\game\client\release_mod_hl2\simtimer.obj
c:\sp\src\game\client\release_mod_hl2\soundparametersinternal.obj
c:\sp\src\game\client\release_mod_hl2\spritetrail.obj
c:\sp\src\game\client\release_mod_hl2\test_ehandle.obj
c:\sp\src\game\client\release_mod_hl2\toggletextureproxy.obj
c:\sp\src\game\client\release_mod_hl2\util_shared.obj
c:\sp\src\game\client\release_mod_hl2\vgui_bitmapimage.obj
c:\sp\src\game\client\release_mod_hl2\vgui_fpspanel.obj
c:\sp\src\game\client\release_mod_hl2\vgui_video.obj
c:\sp\src\game\client\release_mod_hl2\viewdebug.obj
c:\sp\src\game\client\release_mod_hl2\voice_status.obj
c:\sp\src\game\client\release_mod_hl2\baseviewport.obj
c:\sp\src\game\client\release_mod_hl2\c_basehelicopter.obj
c:\sp\src\game\client\release_mod_hl2\c_corpse.obj
c:\sp\src\game\client\release_mod_hl2\c_env_starfield.obj
c:\sp\src\game\client\release_mod_hl2\c_info_teleporter_countdown.obj
c:\sp\src\game\client\release_mod_hl2\hud_battery.obj
c:\sp\src\game\client\release_mod_hl2\hud_flashlight.obj
c:\sp\src\game\client\release_mod_hl2\hud_suitpower.obj
c:\sp\src\game\client\release_mod_hl2\c_prop_vehicle.obj
c:\sp\src\game\client\release_mod_hl2\c_te_bloodsprite.obj
c:\sp\src\game\client\release_mod_hl2\c_te_decal.obj
c:\sp\src\game\client\release_mod_hl2\c_te_footprint.obj
c:\sp\src\game\client\release_mod_hl2\c_te_killplayerattachments.obj
c:\sp\src\game\client\release_mod_hl2\c_te_physicsprop.obj
c:\sp\src\game\client\release_mod_hl2\c_te_sparks.obj
c:\sp\src\game\client\release_mod_hl2\c_te_worlddecal.obj
c:\sp\src\game\client\release_mod_hl2\fx.obj
c:\sp\src\game\client\release_mod_hl2\achievementmgr.obj
c:\sp\src\game\client\release_mod_hl2\beamdraw.obj
c:\sp\src\game\client\release_mod_hl2\c_basecombatcharacter.obj
c:\sp\src\game\client\release_mod_hl2\c_baseflex.obj
c:\sp\src\game\client\release_mod_hl2\c_func_dust.obj
c:\sp\src\game\client\release_mod_hl2\c_info_overlay_accessor.obj
c:\sp\src\game\client\release_mod_hl2\c_physbox.obj
c:\sp\src\game\client\release_mod_hl2\c_physmagnet.obj
c:\sp\src\game\client\release_mod_hl2\c_plasma.obj
c:\sp\src\game\client\release_mod_hl2\c_props.obj
c:\sp\src\game\client\release_mod_hl2\c_rumble.obj
c:\sp\src\game\client\release_mod_hl2\c_slideshow_display.obj
c:\sp\src\game\client\release_mod_hl2\c_sprite.obj
c:\sp\src\game\client\release_mod_hl2\c_user_message_register.obj
c:\sp\src\game\client\release_mod_hl2\c_vguiscreen.obj
c:\sp\src\game\client\release_mod_hl2\cliententitylist.obj
c:\sp\src\game\client\release_mod_hl2\clientsideeffects.obj
c:\sp\src\game\client\release_mod_hl2\clientsideeffects_test.obj
c:\sp\src\game\client\release_mod_hl2\clientsteamcontext.obj
c:\sp\src\game\client\release_mod_hl2\decals.obj
c:\sp\src\game\client\release_mod_hl2\effectsclient.obj
c:\sp\src\game\client\release_mod_hl2\ehandle.obj
c:\sp\src\game\client\release_mod_hl2\entityoriginmaterialproxy.obj
c:\sp\src\game\client\release_mod_hl2\env_detail_controller.obj
c:\sp\src\game\client\release_mod_hl2\eventlist.obj
c:\sp\src\game\client\release_mod_hl2\functionproxy.obj
c:\sp\src\game\client\release_mod_hl2\fx_cube.obj
c:\sp\src\game\client\release_mod_hl2\fx_explosion.obj
c:\sp\src\game\client\release_mod_hl2\fx_trail.obj
c:\sp\src\game\client\release_mod_hl2\gamestats.obj
c:\sp\src\game\client\release_mod_hl2\history_resource.obj
c:\sp\src\game\client\release_mod_hl2\hud_basetimer.obj
c:\sp\src\game\client\release_mod_hl2\hud_crosshair.obj
c:\sp\src\game\client\release_mod_hl2\hud_msg.obj
c:\sp\src\game\client\release_mod_hl2\hud_pdump.obj
c:\sp\src\game\client\release_mod_hl2\initializer.obj
c:\sp\src\game\client\release_mod_hl2\isnpcproxy.obj
c:\sp\src\game\client\release_mod_hl2\lampbeamproxy.obj
c:\sp\src\game\client\release_mod_hl2\mapentities_shared.obj
c:\sp\src\game\client\release_mod_hl2\message.obj
c:\sp\src\game\client\release_mod_hl2\particle_simple3d.obj
c:\sp\src\game\client\release_mod_hl2\particles_new.obj
c:\sp\src\game\client\release_mod_hl2\physpropclientside.obj
c:\sp\src\game\client\release_mod_hl2\precache_register.obj
c:\sp\src\game\client\release_mod_hl2\props_shared.obj
c:\sp\src\game\client\release_mod_hl2\ragdoll_shared.obj
c:\sp\src\game\client\release_mod_hl2\splinepatch.obj
c:\sp\src\game\client\release_mod_hl2\spritemodel.obj
c:\sp\src\game\client\release_mod_hl2\teamplay_gamerules.obj
c:\sp\src\game\client\release_mod_hl2\text_message.obj
c:\sp\src\game\client\release_mod_hl2\usermessages.obj
c:\sp\src\game\client\release_mod_hl2\vgui_basepanel.obj
c:\sp\src\game\client\release_mod_hl2\vgui_bitmappanel.obj
c:\sp\src\game\client\release_mod_hl2\vgui_int.obj
c:\sp\src\game\client\release_mod_hl2\view.obj
c:\sp\src\game\client\release_mod_hl2\viewrender.obj
c:\sp\src\game\client\release_mod_hl2\vguitextwindow.obj
c:\sp\src\game\client\release_mod_hl2\c_script_intro.obj
c:\sp\src\game\client\release_mod_hl2\c_vehicle_cannon.obj
c:\sp\src\game\client\release_mod_hl2\c_vort_charge_token.obj
c:\sp\src\game\client\release_mod_hl2\c_weapon_physcannon.obj
c:\sp\src\game\client\release_mod_hl2\fx_antlion.obj
c:\sp\src\game\client\release_mod_hl2\hl2_clientmode.obj
c:\sp\src\game\client\release_mod_hl2\hud_squadstatus.obj
c:\sp\src\game\client\release_mod_hl2\c_movie_explosion.obj
c:\sp\src\game\client\release_mod_hl2\c_particle_fire.obj
c:\sp\src\game\client\release_mod_hl2\c_recipientfilter.obj
c:\sp\src\game\client\release_mod_hl2\c_smokestack.obj
c:\sp\src\game\client\release_mod_hl2\c_te_beamlaser.obj
c:\sp\src\game\client\release_mod_hl2\c_te_bloodstream.obj
c:\sp\src\game\client\release_mod_hl2\c_te_clientprojectile.obj
c:\sp\src\game\client\release_mod_hl2\c_te_fizz.obj
c:\sp\src\game\client\release_mod_hl2\c_te_largefunnel.obj
c:\sp\src\game\client\release_mod_hl2\c_te_legacytempents.obj
c:\sp\src\game\client\release_mod_hl2\mp3player.obj
c:\sp\src\game\client\release_mod_hl2\ammodef.obj
c:\sp\src\game\client\release_mod_hl2\animatedoffsettextureproxy.obj
c:\sp\src\game\client\release_mod_hl2\base_playeranimstate.obj
c:\sp\src\game\client\release_mod_hl2\basecombatweapon_shared.obj
c:\sp\src\game\client\release_mod_hl2\beam_shared.obj
c:\sp\src\game\client\release_mod_hl2\c_baseanimatingoverlay.obj
c:\sp\src\game\client\release_mod_hl2\c_baseviewmodel.obj
c:\sp\src\game\client\release_mod_hl2\c_breakableprop.obj
c:\sp\src\game\client\release_mod_hl2\c_colorcorrectionvolume.obj
c:\sp\src\game\client\release_mod_hl2\c_dynamiclight.obj
c:\sp\src\game\client\release_mod_hl2\c_env_fog_controller.obj
c:\sp\src\game\client\release_mod_hl2\c_env_projectedtexture.obj
c:\sp\src\game\client\release_mod_hl2\c_env_tonemap_controller.obj
c:\sp\src\game\client\release_mod_hl2\c_fish.obj
c:\sp\src\game\client\release_mod_hl2\c_func_breakablesurf.obj
c:\sp\src\game\client\release_mod_hl2\c_func_monitor.obj
c:\sp\src\game\client\release_mod_hl2\c_func_smokevolume.obj
c:\sp\src\game\client\release_mod_hl2\c_lightglow.obj
c:\sp\src\game\client\release_mod_hl2\c_physicsprop.obj
c:\sp\src\game\client\release_mod_hl2\c_rope.obj
c:\sp\src\game\client\release_mod_hl2\c_team_objectiveresource.obj
c:\sp\src\game\client\release_mod_hl2\c_waterbullet.obj
c:\sp\src\game\client\release_mod_hl2\c_waterlodcontrol.obj
c:\sp\src\game\client\release_mod_hl2\camomaterialproxy.obj
c:\sp\src\game\client\release_mod_hl2\cl_mat_stub.obj
c:\sp\src\game\client\release_mod_hl2\client_factorylist.obj
c:\sp\src\game\client\release_mod_hl2\client_thinklist.obj
c:\sp\src\game\client\release_mod_hl2\clientmode_shared.obj
c:\sp\src\game\client\release_mod_hl2\fx_blood.obj
c:\sp\src\game\client\release_mod_hl2\fx_interpvalue.obj
c:\sp\src\game\client\release_mod_hl2\fx_shelleject.obj
c:\sp\src\game\client\release_mod_hl2\gamemovement.obj
c:\sp\src\game\client\release_mod_hl2\haptic_msgs.obj
c:\sp\src\game\client\release_mod_hl2\hud_animationinfo.obj
c:\sp\src\game\client\release_mod_hl2\hud_chat.obj
c:\sp\src\game\client\release_mod_hl2\hud_vehicle.obj
c:\sp\src\game\client\release_mod_hl2\matrixproxy.obj
c:\sp\src\game\client\release_mod_hl2\movehelper_client.obj
c:\sp\src\game\client\release_mod_hl2\panelmetaclassmgr.obj
c:\sp\src\game\client\release_mod_hl2\physics.obj
c:\sp\src\game\client\release_mod_hl2\predictableid.obj
c:\sp\src\game\client\release_mod_hl2\proxyhealth.obj
c:\sp\src\game\client\release_mod_hl2\proxypupil.obj
c:\sp\src\game\client\release_mod_hl2\saverestore.obj
c:\sp\src\game\client\release_mod_hl2\sprite.obj
c:\sp\src\game\client\release_mod_hl2\texturescrollmaterialproxy.obj
c:\sp\src\game\client\release_mod_hl2\timematerialproxy.obj
c:\sp\src\game\client\release_mod_hl2\train.obj
c:\sp\src\game\client\release_mod_hl2\vgui_centerstringpanel.obj
c:\sp\src\game\client\release_mod_hl2\vgui_netgraphpanel.obj
c:\sp\src\game\client\release_mod_hl2\view_beams.obj
c:\sp\src\game\client\release_mod_hl2\view_scene.obj
c:\sp\src\game\client\release_mod_hl2\viewpostprocess.obj
c:\sp\src\game\client\release_mod_hl2\worlddimsproxy.obj
c:\sp\src\game\client\release_mod_hl2\basemodel_panel.obj
c:\sp\src\game\client\release_mod_hl2\iconpanel.obj
c:\sp\src\game\client\release_mod_hl2\intromenu.obj
c:\sp\src\game\client\release_mod_hl2\achievements_hl2.obj
c:\sp\src\game\client\release_mod_hl2\basehlcombatweapon_shared.obj
c:\sp\src\game\client\release_mod_hl2\c_antlion_dust.obj
c:\sp\src\game\client\release_mod_hl2\c_barney.obj
c:\sp\src\game\client\release_mod_hl2\c_basehlplayer.obj
c:\sp\src\game\client\release_mod_hl2\c_env_headcrabcanister.obj
c:\sp\src\game\client\release_mod_hl2\c_npc_antlionguard.obj
c:\sp\src\game\client\release_mod_hl2\c_npc_rollermine.obj
c:\sp\src\game\client\release_mod_hl2\c_te_concussiveexplosion.obj
c:\sp\src\game\client\release_mod_hl2\c_te_flare.obj
c:\sp\src\game\client\release_mod_hl2\c_vehicle_prisoner_pod.obj
c:\sp\src\game\client\release_mod_hl2\c_weapon_crossbow.obj
c:\sp\src\game\client\release_mod_hl2\clientmode_hlnormal.obj
c:\sp\src\game\client\release_mod_hl2\hud_poisondamageindicator.obj
c:\sp\src\game\client\release_mod_hl2\hud_zoom.obj
c:\sp\src\game\client\release_mod_hl2\c_steamjet.obj
c:\sp\src\game\client\release_mod_hl2\c_te_basebeam.obj
c:\sp\src\game\client\release_mod_hl2\c_te_beampoints.obj
c:\sp\src\game\client\release_mod_hl2\c_te_breakmodel.obj
c:\sp\src\game\client\release_mod_hl2\c_te_dynamiclight.obj
c:\sp\src\game\client\release_mod_hl2\c_te_glassshatter.obj
c:\sp\src\game\client\release_mod_hl2\c_te_muzzleflash.obj
c:\sp\src\game\client\release_mod_hl2\c_te_smoke.obj
c:\sp\src\game\client\release_mod_hl2\c_te_spritespray.obj
c:\sp\src\game\client\release_mod_hl2\c_tracer.obj
c:\sp\src\game\client\release_mod_hl2\fx_line.obj
c:\sp\src\game\client\release_mod_hl2\bonelist.obj
c:\sp\src\game\client\release_mod_hl2\toolframework_client.obj
c:\sp\src\game\client\release_mod_hl2\achievement_notification_panel.obj
c:\sp\src\game\client\release_mod_hl2\basegrenade_shared.obj
c:\sp\src\game\client\release_mod_hl2\baseviewmodel_shared.obj
c:\sp\src\game\client\release_mod_hl2\c_ai_basenpc.obj
c:\sp\src\game\client\release_mod_hl2\c_baseplayer.obj
c:\sp\src\game\client\release_mod_hl2\c_sprite_perfmonitor.obj
c:\sp\src\game\client\release_mod_hl2\c_sun.obj
c:\sp\src\game\client\release_mod_hl2\c_test_proxytoggle.obj
c:\sp\src\game\client\release_mod_hl2\c_vehicle_jeep.obj
c:\sp\src\game\client\release_mod_hl2\cam_thirdperson.obj
c:\sp\src\game\client\release_mod_hl2\cdll_util.obj
c:\sp\src\game\client\release_mod_hl2\clientshadowmgr.obj
c:\sp\src\game\client\release_mod_hl2\colorcorrectionmgr.obj
c:\sp\src\game\client\release_mod_hl2\death_pose.obj
c:\sp\src\game\client\release_mod_hl2\debugoverlay_shared.obj
c:\sp\src\game\client\release_mod_hl2\detailobjectsystem.obj
c:\sp\src\game\client\release_mod_hl2\flashlighteffect.obj
c:\sp\src\game\client\release_mod_hl2\fx_impact.obj
c:\sp\src\game\client\release_mod_hl2\fx_staticline.obj
c:\sp\src\game\client\release_mod_hl2\gamerules_register.obj
c:\sp\src\game\client\release_mod_hl2\gamestringpool.obj
c:\sp\src\game\client\release_mod_hl2\gamevars_shared.obj
c:\sp\src\game\client\release_mod_hl2\geiger.obj
c:\sp\src\game\client\release_mod_hl2\hud_basechat.obj
c:\sp\src\game\client\release_mod_hl2\hud_weapon.obj
c:\sp\src\game\client\release_mod_hl2\multiplay_gamerules.obj
c:\sp\src\game\client\release_mod_hl2\particle_litsmokeemitter.obj
c:\sp\src\game\client\release_mod_hl2\particle_property.obj
c:\sp\src\game\client\release_mod_hl2\particlemgr.obj
c:\sp\src\game\client\release_mod_hl2\playerandobjectenumerator.obj
c:\sp\src\game\client\release_mod_hl2\playerspawncache.obj
c:\sp\src\game\client\release_mod_hl2\point_bonusmaps_accessor.obj
c:\sp\src\game\client\release_mod_hl2\prediction.obj
c:\sp\src\game\client\release_mod_hl2\takedamageinfo.obj
c:\sp\src\game\client\release_mod_hl2\teamplayroundbased_gamerules.obj
c:\sp\src\game\client\release_mod_hl2\vgui_consolepanel.obj
c:\sp\src\game\client\release_mod_hl2\vgui_debugoverlaypanel.obj
c:\sp\src\game\client\release_mod_hl2\vgui_messagechars.obj
c:\sp\src\game\client\release_mod_hl2\vgui_slideshow_display_screen.obj
c:\sp\src\game\client\release_mod_hl2\viewconeimage.obj
c:\sp\src\game\client\release_mod_hl2\weapon_parse_default.obj
c:\sp\src\game\client\release_mod_hl2\weapon_selection.obj
c:\sp\src\game\client\release_mod_hl2\commandmenu.obj
c:\sp\src\game\client\release_mod_hl2\navprogress.obj
c:\sp\src\game\client\release_mod_hl2\teammenu.obj
c:\sp\src\game\client\release_mod_hl2\c_prop_combine_ball.obj
c:\sp\src\game\client\release_mod_hl2\c_thumper_dust.obj
c:\sp\src\game\client\release_mod_hl2\c_vehicle_crane.obj
c:\sp\src\game\client\release_mod_hl2\c_weapon__stubs_hl2.obj
c:\sp\src\game\client\release_mod_hl2\env_headcrabcanister_shared.obj
c:\sp\src\game\client\release_mod_hl2\fx_bugbait.obj
c:\sp\src\game\client\release_mod_hl2\fx_hl2_impacts.obj
c:\sp\src\game\client\release_mod_hl2\hl2_gamerules.obj
c:\sp\src\game\client\release_mod_hl2\hl_gamemovement.obj
c:\sp\src\game\client\release_mod_hl2\hud_credits.obj
c:\sp\src\game\client\release_mod_hl2\hud_quickinfo.obj
c:\sp\src\game\client\release_mod_hl2\vgui_rootpanel_hl2.obj
c:\sp\src\game\client\release_mod_hl2\in_sixense.obj
c:\sp\src\game\client\release_mod_hl2\in_sixense_gesture_bindings.obj
c:\sp\src\game\client\release_mod_hl2\c_basetempentity.obj
c:\sp\src\game\client\release_mod_hl2\c_impact_effects.obj
c:\sp\src\game\client\release_mod_hl2\c_particle_smokegrenade.obj
c:\sp\src\game\client\release_mod_hl2\c_smoke_trail.obj
c:\sp\src\game\client\release_mod_hl2\c_te_beaments.obj
c:\sp\src\game\client\release_mod_hl2\c_te_beamringpoint.obj
c:\sp\src\game\client\release_mod_hl2\c_te_bubbles.obj
c:\sp\src\game\client\release_mod_hl2\c_te_energysplash.obj
c:\sp\src\game\client\release_mod_hl2\c_te_glowsprite.obj
c:\sp\src\game\client\release_mod_hl2\c_te_projecteddecal.obj
c:\sp\src\game\client\release_mod_hl2\c_testtraceline.obj
c:\sp\src\game\client\release_mod_hl2\fx_discreetline.obj
c:\sp\src\game\client\release_mod_hl2\fx_sparks.obj
c:\sp\src\game\client\release_mod_hl2\cdll_replay.obj
c:\sp\src\game\client\release_mod_hl2\alphamaterialproxy.obj
c:\sp\src\game\client\release_mod_hl2\animatedtextureproxy.obj
c:\sp\src\game\client\release_mod_hl2\animation.obj
c:\sp\src\game\client\release_mod_hl2\baseanimatedtextureproxy.obj
c:\sp\src\game\client\release_mod_hl2\basecombatcharacter_shared.obj
c:\sp\src\game\client\release_mod_hl2\baseparticleentity.obj
c:\sp\src\game\client\release_mod_hl2\baseprojectile.obj
c:\sp\src\game\client\release_mod_hl2\bone_merge_cache.obj
c:\sp\src\game\client\release_mod_hl2\c_basedoor.obj
c:\sp\src\game\client\release_mod_hl2\c_baseentity.obj
c:\sp\src\game\client\release_mod_hl2\c_colorcorrection.obj
c:\sp\src\game\client\release_mod_hl2\c_entitydissolve.obj
c:\sp\src\game\client\release_mod_hl2\c_func_areaportalwindow.obj
c:\sp\src\game\client\release_mod_hl2\c_func_conveyor.obj
c:\sp\src\game\client\release_mod_hl2\c_func_rotating.obj
c:\sp\src\game\client\release_mod_hl2\c_gib.obj
c:\sp\src\game\client\release_mod_hl2\c_materialmodifycontrol.obj
c:\sp\src\game\client\release_mod_hl2\c_point_camera.obj
c:\sp\src\game\client\release_mod_hl2\c_point_commentary_node.obj
c:\sp\src\game\client\release_mod_hl2\c_world.obj
c:\sp\src\game\client\release_mod_hl2\cdll_client_int.obj
c:\sp\src\game\client\release_mod_hl2\haptic_utils.obj
c:\sp\src\game\client\release_mod_hl2\hud_autoaim.obj
c:\sp\src\game\client\release_mod_hl2\hud_element_helper.obj
c:\sp\src\game\client\release_mod_hl2\hud_hdrdemo.obj
c:\sp\src\game\client\release_mod_hl2\hud_redraw.obj
c:\sp\src\game\client\release_mod_hl2\in_main.obj
c:\sp\src\game\client\release_mod_hl2\particle_parse.obj
c:\sp\src\game\client\release_mod_hl2\particlesystemquery.obj
c:\sp\src\game\client\release_mod_hl2\physics_main_shared.obj
c:\sp\src\game\client\release_mod_hl2\recvproxy.obj
c:\sp\src\game\client\release_mod_hl2\rope_helpers.obj
c:\sp\src\game\client\release_mod_hl2\screenspaceeffects.obj
c:\sp\src\game\client\release_mod_hl2\soundemittersystem.obj
c:\sp\src\game\client\release_mod_hl2\vgui_avatarimage.obj
c:\sp\src\game\client\release_mod_hl2\vgui_loadingdiscpanel.obj
c:\sp\src\game\client\release_mod_hl2\vgui_video_player.obj
c:\sp\src\game\client\release_mod_hl2\viewangleanim.obj
c:\sp\src\game\client\release_mod_hl2\voice_banmgr.obj
c:\sp\src\game\client\release_mod_hl2\weapon_parse.obj
c:\sp\src\game\client\release_mod_hl2\basemodelpanel.obj
c:\sp\src\game\client\release_mod_hl2\mapoverview.obj
c:\sp\src\game\client\release_mod_hl2\c_ar2_explosion.obj
c:\sp\src\game\client\release_mod_hl2\c_barnacle.obj
c:\sp\src\game\client\release_mod_hl2\c_citadel_effects.obj
c:\sp\src\game\client\release_mod_hl2\c_func_tankmortar.obj
c:\sp\src\game\client\release_mod_hl2\c_npc_manhack.obj
c:\sp\src\game\client\release_mod_hl2\c_plasma_beam_node.obj
c:\sp\src\game\client\release_mod_hl2\c_rotorwash.obj
c:\sp\src\game\client\release_mod_hl2\c_vehicle_airboat.obj
c:\sp\src\game\client\release_mod_hl2\death.obj
c:\sp\src\game\client\release_mod_hl2\hud_ammo.obj
c:\sp\src\game\client\release_mod_hl2\hud_health.obj
c:\sp\src\game\client\release_mod_hl2\hud_weaponselection.obj
c:\sp\src\game\client\release_mod_hl2\c_te.obj
c:\sp\src\game\client\release_mod_hl2\c_te_armorricochet.obj
c:\sp\src\game\client\release_mod_hl2\c_te_beamentpoint.obj
c:\sp\src\game\client\release_mod_hl2\c_te_beamspline.obj
c:\sp\src\game\client\release_mod_hl2\c_te_bubbletrail.obj
c:\sp\src\game\client\release_mod_hl2\c_te_explosion.obj
c:\sp\src\game\client\release_mod_hl2\c_te_playerdecal.obj
c:\sp\src\game\client\release_mod_hl2\fx_envelope.obj
c:\sp\src\game\client\release_mod_hl2\smoke_fog_overlay.obj
c:\sp\src\game\client\release_mod_hl2\compiledcaptionswap.obj
c:\sp\src\game\client\release_mod_hl2\in_mouse.obj
c:\sp\src\game\client\release_mod_hl2\bone_setup.obj
c:\sp\src\game\client\release_mod_hl2\memoverride.obj
c:\sp\src\game\client\release_mod_hl2\randoverride.obj
c:\sp\src\game\client\release_mod_hl2\renamed_recvtable_compat.obj
c:\sp\src\game\client\release_mod_hl2\rendertexture.obj
c:\sp\src\game\client\release_mod_hl2\sentence.obj
c:\sp\src\game\client\release_mod_hl2\studio.obj
c:\sp\src\game\client\release_mod_hl2\crtmemdebug.obj
c:\sp\src\game\client\release_mod_hl2\dt_utlvector_common.obj
c:\sp\src\game\client\release_mod_hl2\hud_lcd.obj
c:\sp\src\game\client\release_mod_hl2\dt_recv.obj
c:\sp\src\game\client\release_mod_hl2\dt_utlvector_recv.obj
c:\sp\src\game\client\release_mod_hl2\interpolatortypes.obj
c:\sp\src\game\client\release_mod_hl2\language.obj
c:\sp\src\game\client\release_mod_hl2\networkvar.obj
c:\sp\src\game\client\release_mod_hl2\posedebugger.obj
c:\sp\src\game\client\release_mod_hl2\scratchpad3d.obj
c:\sp\src\game\client\release_mod_hl2\simple_physics.obj
c:\sp\src\game\client\release_mod_hl2\stringregistry.obj
c:\sp\src\game\client\release_mod_hl2\vgui_controls.obj
c:\sp\src\game\client\release_mod_hl2\client_class.obj
c:\sp\src\game\client\release_mod_hl2\interval.obj
c:\sp\src\game\client\release_mod_hl2\mumble.obj
c:\sp\src\game\client\release_mod_hl2\collisionutils.obj
c:\sp\src\game\client\release_mod_hl2\filesystem_helpers.obj
c:\sp\src\game\client\release_mod_hl2\jigglebones.obj
c:\sp\src\game\client\release_mod_hl2\rope_physics.obj
c:\sp\src\game\client\release_mod_hl2\scratchpadutils.obj
c:\sp\src\game\client\release_mod_hl2\sheetsimulator.obj
c:\sp\src\game\client\release_mod_hl2\vallocator.obj
c:\sp\src\game\client\release_mod_hl2\client.lib
c:\sp\src\game\client\release_mod_hl2\client.exp
c:\sp\src\game\client\release_mod_hl2\pointeroverride.obj
c:\sp\src\game\client\client_hl2.vpc.sentinel
c:\sp\src\game\client\release_mod_hl2\client.dll
c:\sp\src\game\client\release_mod_hl2\client.pdb
c:\sp\src\game\client\.\release_mod_hl2\client.dll
c:\sp\src\game\client\release_mod_hl2\client (hl2).tlog\cl.command.1.tlog
c:\sp\src\game\client\release_mod_hl2\client (hl2).tlog\cl.read.1.tlog
c:\sp\src\game\client\release_mod_hl2\client (hl2).tlog\cl.write.1.tlog
c:\sp\src\game\client\release_mod_hl2\client (hl2).tlog\client (hl2).write.1u.tlog
c:\sp\src\game\client\release_mod_hl2\client (hl2).tlog\custombuild.command.1.tlog
c:\sp\src\game\client\release_mod_hl2\client (hl2).tlog\custombuild.read.1.tlog
c:\sp\src\game\client\release_mod_hl2\client (hl2).tlog\custombuild.write.1.tlog
c:\sp\src\game\client\release_mod_hl2\client (hl2).tlog\link.command.1.tlog
c:\sp\src\game\client\release_mod_hl2\client (hl2).tlog\link.read.1.tlog
c:\sp\src\game\client\release_mod_hl2\client (hl2).tlog\link.write.1.tlog
