Build started 6/6/2018 7:26:54 AM.
     1>Project "C:\mp\src\utils\captioncompiler\captioncompiler.vcxproj" on node 2 (Build target(s)).
     1>PreBuildEvent:
         if EXIST ..\..\..\game\bin\.\captioncompiler.exe for /f "delims=" %%A in ('attrib "..\..\..\game\bin\.\captioncompiler.exe"') do set valveTmpIsReadOnly="%%A"
         set valveTmpIsReadOnlyLetter=%valveTmpIsReadOnly:~6,1%
         if "%valveTmpIsReadOnlyLetter%"=="R" del /q "C:\mp\src\utils\captioncompiler\Release\"captioncompiler.exe
         if exist "..\..\devtools\bin\vpc.exe" "..\..\devtools\bin\vpc.exe" -crc2 "captioncompiler.vcxproj"
         if ERRORLEVEL 1 exit /b 1
         
         :VCEnd
       Link:
         G:\Software\VS2013\VC\bin\link.exe /ERRORREPORT:PROMPT /OUT:".\Release\.\\captioncompiler.exe" /INCREMENTAL:NO /NOLOGO shell32.lib user32.lib advapi32.lib gdi32.lib comdlg32.lib ole32.lib /NODEFAULTLIB:libc /NODEFAULTLIB:libcd /NODEFAULTLIB:libcmtd /NODEFAULTLIB:libcpmtd /NODEFAULTLIB:libcpmtd0 /NODEFAULTLIB:libcpmtd1 /MANIFEST /MANIFESTUAC:"level='asInvoker' uiAccess='false'" /manifest:embed /DEBUG /PDB:".\Release\.\/captioncompiler.pdb" /SUBSYSTEM:CONSOLE,"5.01" /OPT:REF /OPT:NOICF /TLBID:1 /DYNAMICBASE:NO /NXCOMPAT /IMPLIB:".\Release\.\captioncompiler.lib" /MACHINE:X86 /SAFESEH:NO /NXCOMPAT /ignore:4221 .\Release\.\\pointeroverride.obj
         .\Release\.\/cmdlib.obj
         .\Release\.\/filesystem_helpers.obj
         .\Release\.\/filesystem_init.obj
         .\Release\.\/pacifier.obj
         .\Release\.\/scriplib.obj
         .\Release\.\/stringregistry.obj
         .\Release\.\/captioncompiler.obj
         .\Release\.\/compiledcaptionswap.obj
         .\Release\.\/filesystem_tools.obj
         .\Release\.\/memoverride.obj
         ..\..\lib\public\appframework.lib
         ..\..\lib\public\mathlib.lib
         ..\..\lib\public\tier0.lib
         ..\..\lib\public\tier1.lib
         ..\..\lib\public\tier2.lib
         ..\..\lib\public\tier3.lib
         ..\..\lib\public\vstdlib.lib
            Creating library .\Release\.\captioncompiler.lib and object .\Release\.\captioncompiler.exp
         captioncompiler.vcxproj -> C:\mp\src\utils\captioncompiler\.\Release\.\captioncompiler.exe
       PostBuildEvent:
         copy "C:\mp\src\utils\captioncompiler\Release\"captioncompiler.exe ..\..\..\game\bin\.\captioncompiler.exe >nul
         if ERRORLEVEL 1 goto BuildEventFailed
         if exist "C:\mp\src\utils\captioncompiler\Release\"captioncompiler.map copy "C:\mp\src\utils\captioncompiler\Release\"captioncompiler.map ..\..\..\game\bin\.\captioncompiler.map >nul
         copy "C:\mp\src\utils\captioncompiler\Release\"captioncompiler.pdb ..\..\..\game\bin\.\captioncompiler.pdb >nul
         if ERRORLEVEL 1 goto BuildEventFailed
         goto BuildEventOK
         :BuildEventFailed
         echo *** ERROR! PostBuildStep FAILED for Captioncompiler! EXE or DLL is probably running. ***
         del /q "C:\mp\src\utils\captioncompiler\Release\"captioncompiler.exe
         exit 1
         :BuildEventOK
         
         :VCEnd
     1>Done Building Project "C:\mp\src\utils\captioncompiler\captioncompiler.vcxproj" (Build target(s)).

Build succeeded.

Time Elapsed 00:00:03.08
