Build started 6/6/2018 7:26:55 AM.
     1>Project "C:\mp\src\utils\glview\glview.vcxproj" on node 3 (Build target(s)).
     1>PreBuildEvent:
         if EXIST ..\..\..\game\bin\.\glview.exe for /f "delims=" %%A in ('attrib "..\..\..\game\bin\.\glview.exe"') do set valveTmpIsReadOnly="%%A"
         set valveTmpIsReadOnlyLetter=%valveTmpIsReadOnly:~6,1%
         if "%valveTmpIsReadOnlyLetter%"=="R" del /q "C:\mp\src\utils\glview\Release\"glview.exe
         if exist "..\..\devtools\bin\vpc.exe" "..\..\devtools\bin\vpc.exe" -crc2 "glview.vcxproj"
         if ERRORLEVEL 1 exit /b 1
         
         :VCEnd
       Link:
         G:\Software\VS2013\VC\bin\link.exe /ERRORREPORT:PROMPT /OUT:".\Release\.\\glview.exe" /INCREMENTAL:NO /NOLOGO shell32.lib user32.lib advapi32.lib gdi32.lib comdlg32.lib ole32.lib glu32.lib opengl32.lib odbc32.lib odbccp32.lib winmm.lib /NODEFAULTLIB:libc /NODEFAULTLIB:libcd /NODEFAULTLIB:libcmtd /NODEFAULTLIB:libcpmtd /NODEFAULTLIB:libcpmtd0 /NODEFAULTLIB:libcpmtd1 /MANIFEST /MANIFESTUAC:"level='asInvoker' uiAccess='false'" /manifest:embed /DEBUG /PDB:".\Release\.\/glview.pdb" /SUBSYSTEM:WINDOWS,"5.01" /OPT:REF /OPT:NOICF /TLBID:1 /DYNAMICBASE:NO /NXCOMPAT /IMPLIB:".\Release\.\glview.lib" /MACHINE:X86 /SAFESEH:NO /NXCOMPAT /ignore:4221 .\Release\.\\pointeroverride.obj
         .\Release\.\/glview.obj
         .\Release\.\/memoverride.obj
         .\Release\.\/cmdlib.obj
         .\Release\.\/filesystem_helpers.obj
         .\Release\.\/filesystem_init.obj
         .\Release\.\/filesystem_tools.obj
         .\Release\.\/physdll.obj
         ..\..\lib\public\mathlib.lib
         ..\..\lib\public\tier0.lib
         ..\..\lib\public\tier1.lib
         ..\..\lib\public\tier2.lib
         ..\..\lib\public\vstdlib.lib
            Creating library .\Release\.\glview.lib and object .\Release\.\glview.exp
         glview.vcxproj -> C:\mp\src\utils\glview\.\Release\.\glview.exe
       PostBuildEvent:
         copy "C:\mp\src\utils\glview\Release\"glview.exe ..\..\..\game\bin\.\glview.exe >nul
         if ERRORLEVEL 1 goto BuildEventFailed
         if exist "C:\mp\src\utils\glview\Release\"glview.map copy "C:\mp\src\utils\glview\Release\"glview.map ..\..\..\game\bin\.\glview.map >nul
         copy "C:\mp\src\utils\glview\Release\"glview.pdb ..\..\..\game\bin\.\glview.pdb >nul
         if ERRORLEVEL 1 goto BuildEventFailed
         goto BuildEventOK
         :BuildEventFailed
         echo *** ERROR! PostBuildStep FAILED for Glview! EXE or DLL is probably running. ***
         del /q "C:\mp\src\utils\glview\Release\"glview.exe
         exit 1
         :BuildEventOK
         
         :VCEnd
     1>Done Building Project "C:\mp\src\utils\glview\glview.vcxproj" (Build target(s)).

Build succeeded.

Time Elapsed 00:00:03.01
