Build started 6/6/2018 7:23:34 AM.
     1>Project "C:\mp\src\utils\vtfdiff\vtfdiff.vcxproj" on node 5 (Build target(s)).
     1>PreBuildEvent:
         if EXIST ..\..\..\game\bin\.\vtfdiff.exe for /f "delims=" %%A in ('attrib "..\..\..\game\bin\.\vtfdiff.exe"') do set valveTmpIsReadOnly="%%A"
         set valveTmpIsReadOnlyLetter=%valveTmpIsReadOnly:~6,1%
         if "%valveTmpIsReadOnlyLetter%"=="R" del /q "C:\mp\src\utils\vtfdiff\Release\"vtfdiff.exe
         if exist "..\..\devtools\bin\vpc.exe" "..\..\devtools\bin\vpc.exe" -crc2 "vtfdiff.vcxproj"
         if ERRORLEVEL 1 exit /b 1
         
         :VCEnd
       CustomBuild:
         Compiling pointeroverride.asm
          Assembling: C:\mp\src\public\tier0\pointeroverride.asm
         Microsoft (R) Macro Assembler Version 12.00.40629.0
         Copyright (C) Microsoft Corporation.  All rights reserved.
         
         Running VPC CRC Check - vtfdiff.vpc
       ClCompile:
         G:\Software\VS2013\VC\bin\CL.exe /c /I..\..\common /I..\..\public /I..\..\public\tier0 /I..\..\public\tier1 /Zi /nologo /W4 /WX /MP /O2 /Ob2 /Oi /Ot /Oy- /D VPC /D RAD_TELEMETRY_DISABLED /D WIN32 /D _WIN32 /D NDEBUG /D _WINDOWS /D _CRT_SECURE_NO_DEPRECATE /D _CRT_NONSTDC_NO_DEPRECATE /D _ALLOW_RUNTIME_LIBRARY_MISMATCH /D _ALLOW_ITERATOR_DEBUG_LEVEL_MISMATCH /D _ALLOW_MSC_VER_MISMATCH /D _USING_V110_SDK71_ /D _MBCS /D COMPILER_MSVC32 /D COMPILER_MSVC32 /D COMPILER_MSVC /D EXENAME=vtfdiff /D _DLL_EXT=.dll /D DEV_BUILD /D FRAME_POINTER_OMISSION_DISABLED /D _EXTERNAL_DLL_EXT=.dll /D VPCGAMECAPS=HL2MP /D PROJECTDIR=C:\mp\src\utils\vtfdiff /D _DLL_EXT=.dll /D VPCGAME=hl2mp /D SOURCE1=1 /GF /Gm- /MT /GS /Gy /arch:SSE /fp:fast /Zc:wchar_t /Zc:forScope /GR /openmp- /Fo".\Release\.\/" /Fd".\Release\.\/vc120.pdb" /Gd /TP /wd4316 /analyze- /FC /errorReport:prompt  /Zo /Gw /Zc:inline ..\..\public\tier0\memoverride.cpp vtfdiff.cpp
         memoverride.cpp
         vtfdiff.cpp
       Link:
         G:\Software\VS2013\VC\bin\link.exe /ERRORREPORT:PROMPT /OUT:".\Release\.\\vtfdiff.exe" /INCREMENTAL:NO /NOLOGO shell32.lib user32.lib advapi32.lib gdi32.lib comdlg32.lib ole32.lib /NODEFAULTLIB:libc /NODEFAULTLIB:libcd /NODEFAULTLIB:libcmtd /NODEFAULTLIB:libcpmtd /NODEFAULTLIB:libcpmtd0 /NODEFAULTLIB:libcpmtd1 /MANIFEST /MANIFESTUAC:"level='asInvoker' uiAccess='false'" /manifest:embed /DEBUG /PDB:".\Release\.\/vtfdiff.pdb" /SUBSYSTEM:CONSOLE,"5.01" /OPT:REF /OPT:NOICF /TLBID:1 /DYNAMICBASE:NO /NXCOMPAT /IMPLIB:".\Release\.\vtfdiff.lib" /MACHINE:X86 /SAFESEH:NO /NXCOMPAT /ignore:4221 .\Release\.\\pointeroverride.obj
         .\Release\.\/memoverride.obj
         .\Release\.\/vtfdiff.obj
         ..\..\lib\public\bitmap.lib
         ..\..\lib\public\mathlib.lib
         ..\..\lib\public\tier0.lib
         ..\..\lib\public\tier1.lib
         ..\..\lib\public\tier2.lib
         ..\..\lib\public\vstdlib.lib
         ..\..\lib\public\vtf.lib
         vtfdiff.vcxproj -> C:\mp\src\utils\vtfdiff\.\Release\.\vtfdiff.exe
       PostBuildEvent:
         copy "C:\mp\src\utils\vtfdiff\Release\"vtfdiff.exe ..\..\..\game\bin\.\vtfdiff.exe >nul
         if ERRORLEVEL 1 goto BuildEventFailed
         if exist "C:\mp\src\utils\vtfdiff\Release\"vtfdiff.map copy "C:\mp\src\utils\vtfdiff\Release\"vtfdiff.map ..\..\..\game\bin\.\vtfdiff.map >nul
         copy "C:\mp\src\utils\vtfdiff\Release\"vtfdiff.pdb ..\..\..\game\bin\.\vtfdiff.pdb >nul
         if ERRORLEVEL 1 goto BuildEventFailed
         goto BuildEventOK
         :BuildEventFailed
         echo *** ERROR! PostBuildStep FAILED for Vtfdiff! EXE or DLL is probably running. ***
         del /q "C:\mp\src\utils\vtfdiff\Release\"vtfdiff.exe
         exit 1
         :BuildEventOK
         
         :VCEnd
     1>Done Building Project "C:\mp\src\utils\vtfdiff\vtfdiff.vcxproj" (Build target(s)).

Build succeeded.

Time Elapsed 00:00:14.65
