PRT1
126
420
4 1 3 (3072 -1024 -1024 ) (3072 -1024 2304 ) (2048 -1024 2304 ) (2048 -1024 -1024 ) 
4 1 2 (2048 -1024 -1024 ) (2048 -1024 2304 ) (2048 -704 2304 ) (2048 -704 -1024 ) 
4 2 35 (1024 -1024 -1024 ) (1024 -1024 2304 ) (1024 -704 2304 ) (1024 -704 -1024 ) 
4 2 11 (2048 -1024 -1024 ) (2048 -1024 116.510002 ) (1024 -1024 116.510002 ) (1024 -1024 -1024 ) 
4 2 10 (1076 -1024 822.510010 ) (1044 -1024 822.510010 ) (1028 -1024 116.510002 ) (1108 -1024 116.510002 ) 
4 2 9 (2048 -1024 116.510002 ) (2048 -1024 822.510010 ) (1076 -1024 822.510010 ) (1108 -1024 116.510002 ) 
4 2 8 (1044 -1024 822.510010 ) (1024 -1024 822.510010 ) (1024 -1024 116.510002 ) (1028 -1024 116.510002 ) 
4 2 4 (2048 -1024 822.510010 ) (2048 -1024 2304 ) (1024 -1024 2304 ) (1024 -1024 822.510010 ) 
4 3 12 (3072 -2048 -1024 ) (3072 -2048 2304 ) (2048 -2048 2304 ) (2048 -2048 -1024 ) 
4 3 11 (2048 -1024 116.510002 ) (2048 -1024 -1024 ) (2048 -2048 -1024 ) (2048 -2048 116.510002 ) 
4 3 9 (2048 -1024 822.510010 ) (2048 -1024 116.510002 ) (2048 -1528 116.510002 ) (2048 -1496 822.510010 ) 
4 3 5 (2048 -1528 116.510002 ) (2048 -2048 116.510002 ) (2048 -2048 822.510010 ) (2048 -1496 822.510010 ) 
4 3 4 (2048 -1024 2304 ) (2048 -1024 822.510010 ) (2048 -2048 822.510010 ) (2048 -2048 2304 ) 
4 4 38 (1024 -2048 822.510010 ) (1024 -2048 2304 ) (1024 -1024 2304 ) (1024 -1024 822.510010 ) 
4 4 13 (2048 -2048 822.510010 ) (2048 -2048 2304 ) (1024 -2048 2304 ) (1024 -2048 822.510010 ) 
4 4 10 (1044 -1024 822.510010 ) (1076 -1024 822.510010 ) (1076 -1456.500000 822.510010 ) (1044 -1456.500000 822.510010 ) 
4 4 9 (1076 -1024 822.510010 ) (2048 -1024 822.510010 ) (2048 -1496 822.510010 ) (1076 -1496 822.510010 ) 
4 4 8 (1024 -1496 822.510010 ) (1024 -1024 822.510010 ) (1044 -1024 822.510010 ) (1044 -1496 822.510010 ) 
4 4 7 (1024 -1656.500000 822.510010 ) (1024 -1496 822.510010 ) (1040 -1496 822.510010 ) (1040 -1656.500000 822.510010 ) 
4 4 6 (1040 -2048 822.510010 ) (1024 -2048 822.510010 ) (1024 -1696 822.510010 ) (1040 -1696 822.510010 ) 
4 4 5 (2048 -2048 822.510010 ) (1040 -2048 822.510010 ) (1040 -1496 822.510010 ) (2048 -1496 822.510010 ) 
4 5 13 (2048 -2048 116.510002 ) (2048 -2048 822.510010 ) (1040 -2048 822.510010 ) (1072 -2048 116.510002 ) 
4 5 11 (2048 -1528 116.510002 ) (2048 -2048 116.510002 ) (1072 -2048 116.510002 ) (1072 -1528 116.510002 ) 
4 5 9 (2048 -1528 116.510002 ) (1108 -1528 116.510002 ) (1076 -1496 822.510010 ) (2048 -1496 822.510010 ) 
3 5 8 (1042.666748 -1498.666626 763.675110 ) (1040 -1496 822.510010 ) (1044 -1496 822.510010 ) 
4 5 7 (1040 -1496.001953 822.510010 ) (1072 -1528.001953 116.510002 ) (1072 -1624.500000 116.510002 ) (1040 -1656.500000 822.510010 ) 
4 5 6 (1072 -1728 116.510002 ) (1072 -2048 116.510002 ) (1040 -2048 822.510010 ) (1040 -1696 822.510010 ) 
4 6 40 (1024 -2048 116.510002 ) (1024 -2048 822.510010 ) (1024 -1696 822.510010 ) (1024 -1728 116.510002 ) 
4 6 13 (1040 -2048 822.510010 ) (1024 -2048 822.510010 ) (1024 -2048 116.510002 ) (1072 -2048 116.510002 ) 
4 6 11 (1072 -2048 116.510002 ) (1024 -2048 116.510002 ) (1024 -1728 116.510002 ) (1072 -1728 116.510002 ) 
4 7 41 (1024 -1656.500000 822.510010 ) (1024 -1496 822.510010 ) (1024 -1528 116.510002 ) (1024 -1624.500000 116.510002 ) 
4 7 11 (1024 -1624.500000 116.510002 ) (1024 -1528 116.510002 ) (1072 -1528 116.510002 ) (1072 -1624.500000 116.510002 ) 
5 7 8 (1028 -1528 116.510002 ) (1024 -1528 116.510002 ) (1024 -1496 822.510010 ) (1040 -1496 822.510010 ) (1042.666748 -1498.666626 763.675110 ) 
4 8 41 (1024 -1496 822.510010 ) (1024 -1024 822.510010 ) (1024 -1024 116.510002 ) (1024 -1528 116.510002 ) 
4 8 11 (1028 -1528 116.510002 ) (1024 -1528 116.510002 ) (1024 -1024 116.510002 ) (1028 -1024 116.510002 ) 
4 8 10 (1028 -1424.500000 116.510002 ) (1028 -1024 116.510002 ) (1044 -1024 822.510010 ) (1044 -1456.500000 822.510010 ) 
4 9 11 (2048 -1024 116.510002 ) (2048 -1528 116.510002 ) (1108 -1528 116.510002 ) (1108 -1024 116.510002 ) 
4 9 10 (1108 -1024 116.510002 ) (1108 -1424.500000 116.510002 ) (1076 -1456.500000 822.510010 ) (1076 -1024 822.510010 ) 
4 10 11 (1028 -1424.500000 116.510002 ) (1028 -1024 116.510002 ) (1108 -1024 116.510002 ) (1108 -1424.500000 116.510002 ) 
4 11 58 (1024 -2048 -1024 ) (1024 -2048 -91.490005 ) (1024 -1024 -91.490005 ) (1024 -1024 -1024 ) 
4 11 48 (1024 -2048 -91.490005 ) (1024 -2048 -16 ) (1024 -1312 -16 ) (1024 -1312 -91.490005 ) 
4 11 47 (1024 -1312 -16 ) (1024 -1024 -16 ) (1024 -1024 -91.490005 ) (1024 -1312 -91.490005 ) 
4 11 42 (1024 -2048 -16 ) (1024 -2048 116.510002 ) (1024 -1024 116.510002 ) (1024 -1024 -16 ) 
4 11 13 (2048 -2048 -1024 ) (2048 -2048 116.510002 ) (1024 -2048 116.510002 ) (1024 -2048 -1024 ) 
4 12 14 (3072 -3072 -1024 ) (3072 -3072 2304 ) (2944 -3072 2304 ) (2944 -3072 -1024 ) 
4 12 17 (2944 -3072 2304 ) (2048 -3072 2304 ) (2048 -3072 -1024 ) (2944 -3072 -1024 ) 
4 12 13 (2048 -2048 2304 ) (2048 -2048 -1024 ) (2048 -3072 -1024 ) (2048 -3072 2304 ) 
4 13 59 (1024 -3072 -1024 ) (1024 -3072 2304 ) (1024 -2048 2304 ) (1024 -2048 -1024 ) 
4 13 18 (2048 -3072 -1024 ) (2048 -3072 2304 ) (1024 -3072 2304 ) (1024 -3072 -1024 ) 
4 14 15 (2944 -3328 2304 ) (2944 -3328 1344 ) (3072 -3328 1344 ) (3072 -3328 2304 ) 
4 14 16 (2944 -3328 -896 ) (2944 -3328 -1024 ) (3072 -3328 -1024 ) (3072 -3328 -896 ) 
4 14 17 (2944 -3072 -1024 ) (2944 -3328 -1024 ) (2944 -3328 2304 ) (2944 -3072 2304 ) 
4 15 19 (3072 -4096 1270.857178 ) (3072 -4096 2304 ) (2944 -4096 2304 ) (2944 -4096 1270.857056 ) 
4 15 17 (2944 -4096 1270.857178 ) (2944 -4096 2304 ) (2944 -3328 2304 ) (2944 -3328 1344 ) 
4 16 20 (3072 -4096 -1024 ) (3072 -4096 -896 ) (2944 -4096 -896 ) (2944 -4096 -1024 ) 
4 16 17 (2944 -3328 -1024 ) (2944 -4096 -1024 ) (2944 -4096 -896 ) (2944 -3328 -896 ) 
4 17 22 (2924 -4096 2304 ) (2860 -4096 2304 ) (2860 -4096 -1024 ) (2924 -4096 -1024 ) 
4 17 21 (2944 -4096 2304 ) (2924 -4096 2304 ) (2924 -4096 -1024 ) (2944 -4096 -1024 ) 
4 17 26 (2860 -4096 2304 ) (2048 -4096 2304 ) (2048 -4096 -1024 ) (2860 -4096 -1024 ) 
4 17 18 (2048 -3072 2304 ) (2048 -3072 -1024 ) (2048 -4096 -1024 ) (2048 -4096 2304 ) 
4 18 67 (1024 -4096 -1024 ) (1024 -4096 2304 ) (1024 -3072 2304 ) (1024 -3072 -1024 ) 
4 18 27 (2048 -4096 -1024 ) (2048 -4096 2304 ) (1024 -4096 2304 ) (1024 -4096 -1024 ) 
4 19 28 (3072 -5120 1173.333252 ) (3072 -5120 2304 ) (2944 -5120 2304 ) (2944 -5120 1173.333252 ) 
4 19 21 (2944 -5120 1173.333252 ) (2944 -5120 2304 ) (2944 -4096 2304 ) (2944 -4096 1270.857056 ) 
4 20 31 (3072 -5120 -1024 ) (3072 -5120 -896 ) (2944 -5120 -896 ) (2944 -5120 -1024 ) 
4 20 21 (2944 -4096 -1024 ) (2944 -5120 -1024 ) (2944 -5120 -896 ) (2944 -4096 -896 ) 
4 21 31 (2924 -5120 -896 ) (2924 -5120 -1024 ) (2944 -5120 -1024 ) (2944 -5120 -896 ) 
4 21 30 (2944 -5120 2304 ) (2924 -5120 2304 ) (2924 -5120 -896 ) (2944 -5120 -896 ) 
4 21 24 (2924 -5120 -400 ) (2924 -5120 224 ) (2924 -4544 224 ) (2924 -4544 -400 ) 
4 21 23 (2924 -5120 224 ) (2924 -5120 2304 ) (2924 -4544 2304 ) (2924 -4544 224 ) 
4 21 25 (2924 -4544 -1024 ) (2924 -5120 -1024 ) (2924 -5120 -400 ) (2924 -4544 -400 ) 
4 21 22 (2924 -4096 -1024 ) (2924 -4544 -1024 ) (2924 -4544 2304 ) (2924 -4096 2304 ) 
4 22 24 (2860 -4544 224 ) (2860 -4544 -400 ) (2924 -4544 -400 ) (2924 -4544 224 ) 
4 22 23 (2860 -4544 2304 ) (2860 -4544 224 ) (2924 -4544 224 ) (2924 -4544 2304 ) 
4 22 25 (2860 -4544 -400 ) (2860 -4544 -1024 ) (2924 -4544 -1024 ) (2924 -4544 -400 ) 
4 22 26 (2860 -4096 -1024 ) (2860 -4544 -1024 ) (2860 -4544 2304 ) (2860 -4096 2304 ) 
4 23 30 (2924 -5120 2304 ) (2860 -5120 2304 ) (2860 -5120 224 ) (2924 -5120 224 ) 
4 23 26 (2860 -5120 224 ) (2860 -5120 2304 ) (2860 -4544 2304 ) (2860 -4544 224 ) 
4 23 24 (2860 -5120 224 ) (2860 -4544 224 ) (2924 -4544 224 ) (2924 -5120 224 ) 
4 24 30 (2860 -5120 224 ) (2860 -5120 -400 ) (2924 -5120 -400 ) (2924 -5120 224 ) 
4 24 25 (2860 -5120 -400 ) (2860 -4544 -400 ) (2924 -4544 -400 ) (2924 -5120 -400 ) 
4 24 26 (2860 -5120 -400 ) (2860 -5120 224 ) (2860 -4544 224 ) (2860 -4544 -400 ) 
4 25 31 (2860 -5120 -896 ) (2860 -5120 -1024 ) (2924 -5120 -1024 ) (2924 -5120 -896 ) 
4 25 30 (2860 -5120 -400 ) (2860 -5120 -896 ) (2924 -5120 -896 ) (2924 -5120 -400 ) 
4 25 26 (2860 -4544 -1024 ) (2860 -5120 -1024 ) (2860 -5120 -400 ) (2860 -4544 -400 ) 
4 26 31 (2048 -5120 -896 ) (2048 -5120 -1024 ) (2860 -5120 -1024 ) (2860 -5120 -896 ) 
4 26 30 (2860 -5120 2304 ) (2048 -5120 2304 ) (2048 -5120 -896 ) (2860 -5120 -896 ) 
4 26 27 (2048 -4096 2304 ) (2048 -4096 -1024 ) (2048 -5120 -1024 ) (2048 -5120 2304 ) 
4 27 68 (1024 -5120 -1024 ) (1024 -5120 2304 ) (1024 -4096 2304 ) (1024 -4096 -1024 ) 
4 27 32 (2048 -5120 -1024 ) (2048 -5120 2304 ) (1024 -5120 2304 ) (1024 -5120 -1024 ) 
4 28 29 (2944 -6016 2304 ) (2944 -6016 1088 ) (3072 -6016 1088 ) (3072 -6016 2304 ) 
4 28 30 (2944 -6016 1088 ) (2944 -6016 2304 ) (2944 -5120 2304 ) (2944 -5120 1173.333252 ) 
4 29 33 (3072 -6144 -896 ) (3072 -6144 2304 ) (2944 -6144 2304 ) (2944 -6144 -896 ) 
4 29 31 (3072 -6016 -896 ) (3072 -6144 -896 ) (2944 -6144 -896 ) (2944 -6016 -896 ) 
4 29 30 (2944 -6016 -896 ) (2944 -6144 -896 ) (2944 -6144 2304 ) (2944 -6016 2304 ) 
4 30 33 (2944 -6144 2304 ) (2048 -6144 2304 ) (2048 -6144 -896 ) (2944 -6144 -896 ) 
4 30 32 (2048 -5120 2304 ) (2048 -5120 -896 ) (2048 -6144 -896 ) (2048 -6144 2304 ) 
4 30 31 (2048 -6144 -896 ) (2048 -5120 -896 ) (2944 -5120 -896 ) (2944 -6144 -896 ) 
4 31 33 (3072 -6144 -1024 ) (3072 -6144 -896 ) (2048 -6144 -896 ) (2048 -6144 -1024 ) 
4 31 32 (2048 -5120 -896 ) (2048 -5120 -1024 ) (2048 -6144 -1024 ) (2048 -6144 -896 ) 
4 32 102 (1024 -6144 -1024 ) (1024 -6144 2304 ) (1024 -5120 2304 ) (1024 -5120 -1024 ) 
4 32 34 (2048 -6144 -1024 ) (2048 -6144 2304 ) (1024 -6144 2304 ) (1024 -6144 -1024 ) 
4 33 34 (2048 -6144 2304 ) (2048 -6144 -1024 ) (2048 -6656 -1024 ) (2048 -6656 2304 ) 
4 34 103 (1024 -6656 2304 ) (1024 -6144 2304 ) (1024 -6144 -1024 ) (1024 -6656 -1024 ) 
4 35 58 (1024 -1024 -1024 ) (1024 -1024 -91.490005 ) (0 -1024 -91.490005 ) (0 -1024 -1024 ) 
4 35 47 (1024 -1024 -91.490005 ) (1024 -1024 -16 ) (256 -1024 -16 ) (256 -1024 -91.490005 ) 
4 35 57 (256 -1024 -16 ) (0 -1024 -16 ) (0 -1024 -91.490005 ) (256 -1024 -91.490005 ) 
4 35 46 (881.710815 -1024 -16 ) (956.578430 -1024 -16 ) (928 -1024 614.510010 ) (896 -1024 614.510010 ) 
4 35 44 (0 -1024 614.510010 ) (0 -1024 -16 ) (881.710815 -1024 -16 ) (896 -1024 614.510010 ) 
4 35 43 (918.572266 -1024 822.510010 ) (0 -1024 822.510010 ) (0 -1024 614.510010 ) (928 -1024 614.510010 ) 
4 35 41 (1024 -1024 116.510002 ) (1024 -1024 822.510010 ) (1008 -1024 822.510010 ) (992 -1024 116.510002 ) 
4 35 39 (1008 -1024 822.510010 ) (918.572266 -1024 822.510010 ) (950.572327 -1024 116.510002 ) (992 -1024 116.510002 ) 
4 35 42 (1024 -1024 -16 ) (1024 -1024 116.510002 ) (950.572327 -1024 116.510002 ) (956.578430 -1024 -16 ) 
4 35 38 (1024 -1024 822.510010 ) (1024 -1024 2304 ) (0 -1024 2304 ) (0 -1024 822.510010 ) 
4 35 36 (0 -1024 -1024 ) (0 -1024 2304 ) (0 -704 2304 ) (0 -704 -1024 ) 
4 36 60 (0 -1024 -1024 ) (0 -1024 2304 ) (-1024 -1024 2304 ) (-1024 -1024 -1024 ) 
4 36 37 (-1024 -1024 -1024 ) (-1024 -1024 2304 ) (-1024 -704 2304 ) (-1024 -704 -1024 ) 
4 37 64 (-2048 -1024 -1024 ) (-2048 -1024 2304 ) (-2048 -704 2304 ) (-2048 -704 -1024 ) 
4 37 61 (-1024 -1024 -1024 ) (-1024 -1024 2304 ) (-2048 -1024 2304 ) (-2048 -1024 -1024 ) 
4 38 60 (0 -1024 2304 ) (0 -1024 822.510010 ) (0 -2048 822.510010 ) (0 -2048 2304 ) 
4 38 59 (1024 -2048 822.510010 ) (1024 -2048 2304 ) (0 -2048 2304 ) (0 -2048 822.510010 ) 
4 38 43 (918.572266 -2048 822.510010 ) (0 -2048 822.510010 ) (0 -1024 822.510010 ) (918.572266 -1024 822.510010 ) 
4 38 41 (1008 -1656.500000 822.510010 ) (1008 -1024 822.510010 ) (1024 -1024 822.510010 ) (1024 -1656.500000 822.510010 ) 
4 38 40 (1024 -2048 822.510010 ) (1008 -2048 822.510010 ) (1008 -1696 822.510010 ) (1024 -1696 822.510010 ) 
4 38 39 (1008 -2048 822.510010 ) (918.572266 -2048 822.510010 ) (918.572266 -1024 822.510010 ) (1008 -1024 822.510010 ) 
4 39 59 (1008 -2048 822.510010 ) (918.572266 -2048 822.510010 ) (950.572327 -2048 116.510002 ) (992 -2048 116.510002 ) 
4 39 46 (928 -1776 614.510010 ) (928 -1024 614.510010 ) (950.572205 -1024 116.510002 ) (950.572205 -1753.427734 116.510002 ) 
4 39 45 (950.572205 -2048 116.510002 ) (928 -2048 614.510010 ) (928 -1815.500122 614.510010 ) (950.572205 -1838.072266 116.510002 ) 
4 39 43 (928 -2048 614.510010 ) (918.572205 -2048 822.510010 ) (918.572205 -1024 822.510010 ) (928 -1024 614.510010 ) 
4 39 41 (992 -1624.500000 116.510002 ) (992 -1024 116.510002 ) (1008 -1024 822.510010 ) (1008 -1656.500000 822.510010 ) 
4 39 40 (992 -2048 116.510002 ) (992 -1728 116.510002 ) (1008 -1696 822.510010 ) (1008 -2048 822.510010 ) 
4 39 42 (992 -2048 116.510002 ) (950.570313 -2048 116.510002 ) (950.570313 -1024 116.510002 ) (992 -1024 116.510002 ) 
4 40 59 (1024 -2048 116.510002 ) (1024 -2048 822.510010 ) (1008 -2048 822.510010 ) (992 -2048 116.510002 ) 
4 40 42 (1024 -2048 116.510002 ) (992 -2048 116.510002 ) (992 -1728 116.510002 ) (1024 -1728 116.510002 ) 
4 41 42 (992 -1624.500000 116.510002 ) (992 -1024 116.510002 ) (1024 -1024 116.510002 ) (1024 -1624.500000 116.510002 ) 
4 42 59 (1024 -2048 -16 ) (1024 -2048 116.510002 ) (950.572327 -2048 116.510002 ) (956.578430 -2048 -16 ) 
4 42 48 (1024 -1312 -16 ) (1024 -2048 -16 ) (956.578430 -2048 -16 ) (956.578430 -1312 -16 ) 
4 42 47 (956.578430 -1024 -16 ) (1024 -1024 -16 ) (1024 -1312 -16 ) (956.578430 -1312 -16 ) 
4 42 46 (956.578308 -1024 -16 ) (956.578308 -1747.421631 -16 ) (950.572205 -1753.427734 116.510002 ) (950.572205 -1024 116.510002 ) 
4 42 45 (956.578308 -1844.078369 -16 ) (956.578308 -2048 -16 ) (950.572205 -2048 116.510002 ) (950.572205 -1838.072266 116.510002 ) 
4 43 60 (0 -1024 822.510010 ) (0 -1024 614.510010 ) (0 -2048 614.510010 ) (0 -2048 822.510010 ) 
4 43 59 (918.572266 -2048 822.510010 ) (0 -2048 822.510010 ) (0 -2048 614.510010 ) (928 -2048 614.510010 ) 
4 43 46 (896 -1024 614.510010 ) (928 -1024 614.510010 ) (928 -1776 614.510010 ) (896 -1776 614.510010 ) 
4 43 45 (928 -1815.500000 614.510010 ) (928 -2048 614.510010 ) (896 -2048 614.510010 ) (896 -1815.500122 614.510010 ) 
4 43 44 (0 -1024 614.510010 ) (896 -1024 614.510010 ) (896 -2048 614.510010 ) (0 -2048 614.510010 ) 
4 44 60 (0 -1024 614.510010 ) (0 -1024 -16 ) (0 -2048 -16 ) (0 -2048 614.510010 ) 
4 44 59 (0 -2048 614.510010 ) (0 -2048 -16 ) (881.710815 -2048 -16 ) (896 -2048 614.510010 ) 
4 44 51 (881.710815 -1312 -16 ) (881.710815 -2048 -16 ) (256 -2048 -16 ) (256 -1312 -16 ) 
4 44 47 (256 -1024 -16 ) (881.710815 -1024 -16 ) (881.710815 -1312 -16 ) (256 -1312 -16 ) 
4 44 57 (0 -2048 -16 ) (0 -1024 -16 ) (256 -1024 -16 ) (256 -2048 -16 ) 
4 44 46 (881.710938 -1747.421631 -16 ) (881.710938 -1024 -16 ) (896 -1024 614.510010 ) (896 -1776 614.510010 ) 
4 44 45 (881.710938 -2048 -16 ) (881.710938 -1844.078491 -16 ) (896 -1815.500000 614.510010 ) (896 -2048 614.510010 ) 
4 45 59 (881.710815 -2048 -16 ) (956.578430 -2048 -16 ) (928 -2048 614.510010 ) (896 -2048 614.510010 ) 
4 45 53 (896 -2048 -16 ) (881.710815 -2048 -16 ) (881.710815 -1844.078491 -16 ) (896 -1844.078491 -16 ) 
4 45 49 (956.578430 -1844.078369 -16 ) (956.578430 -2048 -16 ) (896 -2048 -16 ) (896 -1844.078491 -16 ) 
4 46 54 (896 -1747.421631 -16 ) (881.710815 -1747.421631 -16 ) (881.710815 -1312 -16 ) (896 -1312 -16 ) 
4 46 50 (956.578430 -1312 -16 ) (956.578430 -1747.421631 -16 ) (896 -1747.421631 -16 ) (896 -1312 -16 ) 
4 46 47 (881.710815 -1024 -16 ) (956.578430 -1024 -16 ) (956.578430 -1312 -16 ) (881.710815 -1312 -16 ) 
4 47 58 (256 -1312 -91.490005 ) (256 -1024 -91.490005 ) (1024 -1024 -91.490005 ) (1024 -1312 -91.490005 ) 
4 47 56 (880 -1312 -91.490005 ) (896 -1312 -91.490005 ) (896 -1312 -64 ) (880.623047 -1312 -64 ) 
4 47 54 (896 -1312 -64 ) (896 -1312 -16 ) (881.710876 -1312 -16 ) (880.623047 -1312 -64 ) 
4 47 52 (256 -1312 -64 ) (256 -1312 -91.490005 ) (880 -1312 -91.490005 ) (880.623047 -1312 -64 ) 
4 47 51 (256 -1312 -16 ) (256 -1312 -64 ) (880.623047 -1312 -64 ) (881.710876 -1312 -16 ) 
4 47 50 (896 -1312 -91.490005 ) (960 -1312 -91.490005 ) (956.578430 -1312 -16 ) (896 -1312 -16 ) 
4 47 48 (960 -1312 -91.490005 ) (1024 -1312 -91.490005 ) (1024 -1312 -16 ) (956.578430 -1312 -16 ) 
4 47 57 (256 -1024 -91.490005 ) (256 -1312 -91.490005 ) (256 -1312 -16 ) (256 -1024 -16 ) 
4 48 59 (1024 -2048 -91.490005 ) (1024 -2048 -16 ) (956.578430 -2048 -16 ) (960 -2048 -91.490005 ) 
4 48 58 (1024 -2048 -91.490005 ) (960 -2048 -91.490005 ) (960 -1312 -91.490005 ) (1024 -1312 -91.490005 ) 
4 48 50 (956.578186 -1312 -16 ) (960 -1312 -91.490005 ) (960 -1744 -91.490005 ) (956.578186 -1747.421631 -16 ) 
4 48 49 (960 -1847.500000 -91.490005 ) (960 -2048 -91.490005 ) (956.578186 -2048 -16 ) (956.578186 -1844.078491 -16 ) 
4 49 59 (956.578430 -2048 -16 ) (896 -2048 -16 ) (896 -2048 -91.490005 ) (960 -2048 -91.490005 ) 
4 49 58 (960 -2048 -91.490005 ) (896 -2048 -91.490005 ) (896 -1847.500000 -91.490005 ) (960 -1847.500000 -91.490005 ) 
4 49 55 (896 -1846.254028 -64 ) (896 -1847.500000 -91.490005 ) (896 -2048 -91.490005 ) (896 -2048 -64 ) 
4 49 53 (896 -2048 -16 ) (896 -1844.078491 -16 ) (896 -1846.254028 -64 ) (896 -2048 -64 ) 
4 50 58 (896 -1744 -91.490005 ) (896 -1312 -91.490005 ) (960 -1312 -91.490005 ) (960 -1744 -91.490005 ) 
4 50 56 (896 -1312 -64 ) (896 -1312 -91.490005 ) (896 -1744 -91.490005 ) (896 -1745.245972 -64 ) 
4 50 54 (896 -1747.421631 -16 ) (896 -1312 -16 ) (896 -1312 -64 ) (896 -1745.245972 -64 ) 
4 51 59 (881.710876 -2048 -16 ) (256 -2048 -16 ) (256 -2048 -64 ) (880.623047 -2048 -64 ) 
4 51 54 (880.623108 -1312 -64 ) (881.710938 -1312 -16 ) (881.710938 -1747.421631 -16 ) (880.623108 -1745.245972 -64 ) 
4 51 53 (881.710938 -1844.078491 -16 ) (881.710938 -2048 -16 ) (880.623108 -2048 -64 ) (880.623108 -1846.254028 -64 ) 
4 51 57 (256 -2048 -64 ) (256 -2048 -16 ) (256 -1312 -16 ) (256 -1312 -64 ) 
4 51 52 (256 -2048 -64 ) (256 -1312 -64 ) (880.625000 -1312 -64 ) (880.625000 -2048 -64 ) 
4 52 59 (256 -2048 -64 ) (256 -2048 -91.490005 ) (880 -2048 -91.490005 ) (880.623047 -2048 -64 ) 
4 52 58 (880 -2048 -91.490005 ) (256 -2048 -91.490005 ) (256 -1312 -91.490005 ) (880 -1312 -91.490005 ) 
4 52 56 (880 -1744 -91.490005 ) (880 -1312 -91.490005 ) (880.623108 -1312 -64 ) (880.623108 -1745.245972 -64 ) 
4 52 55 (880 -2048 -91.490005 ) (880 -1847.500000 -91.490005 ) (880.623108 -1846.254028 -64 ) (880.623108 -2048 -64 ) 
4 52 57 (256 -1312 -91.490005 ) (256 -2048 -91.490005 ) (256 -2048 -64 ) (256 -1312 -64 ) 
4 53 59 (896 -2048 -16 ) (881.710876 -2048 -16 ) (880.623047 -2048 -64 ) (896 -2048 -64 ) 
4 53 55 (880.625000 -2048 -64 ) (880.625000 -1846.254028 -64 ) (896 -1846.254028 -64 ) (896 -2048 -64 ) 
4 54 56 (880.625000 -1745.245972 -64 ) (880.625000 -1312 -64 ) (896 -1312 -64 ) (896 -1745.245972 -64 ) 
4 55 59 (880.623047 -2048 -64 ) (880 -2048 -91.490005 ) (896 -2048 -91.490005 ) (896 -2048 -64 ) 
4 55 58 (896 -2048 -91.490005 ) (880 -2048 -91.490005 ) (880 -1847.500000 -91.490005 ) (896 -1847.500000 -91.490005 ) 
4 56 58 (880 -1744 -91.490005 ) (880 -1312 -91.490005 ) (896 -1312 -91.490005 ) (896 -1744 -91.490005 ) 
4 57 60 (0 -1024 -16 ) (0 -1024 -91.490005 ) (0 -2048 -91.490005 ) (0 -2048 -16 ) 
4 57 59 (256 -2048 -16 ) (0 -2048 -16 ) (0 -2048 -91.490005 ) (256 -2048 -91.490005 ) 
4 57 58 (256 -2048 -91.490005 ) (0 -2048 -91.490005 ) (0 -1024 -91.490005 ) (256 -1024 -91.490005 ) 
4 58 60 (0 -1024 -91.490005 ) (0 -1024 -1024 ) (0 -2048 -1024 ) (0 -2048 -91.490005 ) 
4 58 59 (1024 -2048 -1024 ) (1024 -2048 -91.490005 ) (0 -2048 -91.490005 ) (0 -2048 -1024 ) 
4 59 67 (1024 -3072 -1024 ) (1024 -3072 2304 ) (0 -3072 2304 ) (0 -3072 -1024 ) 
4 59 62 (0 -3072 -1024 ) (0 -3072 2304 ) (0 -2048 2304 ) (0 -2048 -1024 ) 
4 60 62 (0 -2048 -1024 ) (0 -2048 2304 ) (-1024 -2048 2304 ) (-1024 -2048 -1024 ) 
4 60 61 (-1024 -1024 2304 ) (-1024 -1024 -1024 ) (-1024 -2048 -1024 ) (-1024 -2048 2304 ) 
4 61 65 (-2048 -2048 -1024 ) (-2048 -2048 2304 ) (-2048 -1024 2304 ) (-2048 -1024 -1024 ) 
4 61 63 (-1024 -2048 -1024 ) (-1024 -2048 2304 ) (-2048 -2048 2304 ) (-2048 -2048 -1024 ) 
4 62 69 (0 -3072 -1024 ) (0 -3072 2304 ) (-1024 -3072 2304 ) (-1024 -3072 -1024 ) 
4 62 63 (-1024 -2048 2304 ) (-1024 -2048 -1024 ) (-1024 -3072 -1024 ) (-1024 -3072 2304 ) 
4 63 78 (-1024 -3072 -1024 ) (-1024 -3072 112 ) (-2048 -3072 112 ) (-2048 -3072 -1024 ) 
4 63 71 (-1024 -3072 112 ) (-1024 -3072 736 ) (-2048 -3072 736 ) (-2048 -3072 112 ) 
4 63 70 (-1024 -3072 736 ) (-1024 -3072 2304 ) (-2048 -3072 2304 ) (-2048 -3072 736 ) 
4 63 66 (-2048 -3072 -1024 ) (-2048 -3072 2304 ) (-2048 -2048 2304 ) (-2048 -2048 -1024 ) 
4 64 65 (-2048 -1024 -1024 ) (-2048 -1024 2304 ) (-3072 -1024 2304 ) (-3072 -1024 -1024 ) 
4 65 66 (-2048 -2048 -1024 ) (-2048 -2048 2304 ) (-3072 -2048 2304 ) (-3072 -2048 -1024 ) 
4 66 114 (-2048 -3072 -1024 ) (-2048 -3072 736 ) (-2923.909912 -3072 736 ) (-2923.909912 -3072 -1024 ) 
4 66 118 (-2923.909912 -3072 736 ) (-3072 -3072 736 ) (-3072 -3072 -1024 ) (-2923.909912 -3072 -1024 ) 
4 66 113 (-2048 -3072 736 ) (-2048 -3072 2304 ) (-3072 -3072 2304 ) (-3072 -3072 736 ) 
4 67 69 (0 -3072 2304 ) (0 -3072 -1024 ) (0 -4096 -1024 ) (0 -4096 2304 ) 
4 67 68 (1024 -4096 -1024 ) (1024 -4096 2304 ) (0 -4096 2304 ) (0 -4096 -1024 ) 
4 68 102 (1024 -5120 -1024 ) (1024 -5120 2304 ) (0 -5120 2304 ) (0 -5120 -1024 ) 
4 68 79 (0 -5120 -1024 ) (0 -5120 2304 ) (0 -4096 2304 ) (0 -4096 -1024 ) 
4 69 79 (0 -4096 -1024 ) (0 -4096 2304 ) (-1024 -4096 2304 ) (-1024 -4096 -1024 ) 
4 69 78 (-1024 -3072 112 ) (-1024 -3072 -1024 ) (-1024 -4096 -1024 ) (-1024 -4096 112 ) 
4 69 76 (-1024 -4032 112 ) (-1024 -4096 112 ) (-1024 -4096 736 ) (-1024 -4032 736 ) 
4 69 71 (-1024 -3072 736 ) (-1024 -3072 112 ) (-1024 -4032 112 ) (-1024 -4032 736 ) 
4 69 70 (-1024 -3072 2304 ) (-1024 -3072 736 ) (-1024 -4096 736 ) (-1024 -4096 2304 ) 
4 70 113 (-2048 -3072 2304 ) (-2048 -3072 736 ) (-2048 -4096 736 ) (-2048 -4096 2304 ) 
4 70 87 (-1451.910034 -4096 864 ) (-2048 -4096 864 ) (-2048 -4096 736 ) (-1451.910034 -4096 736 ) 
4 70 81 (-1024 -4096 736 ) (-1024 -4096 864 ) (-1451.910034 -4096 864 ) (-1451.910034 -4096 736 ) 
4 70 80 (-1024 -4096 864 ) (-1024 -4096 2304 ) (-2048 -4096 2304 ) (-2048 -4096 864 ) 
4 70 77 (-1451.909912 -4096 736 ) (-1515.910278 -4096 736 ) (-1579.910400 -4032 736 ) (-1515.909912 -4032 736 ) 
4 70 76 (-1024 -4096 736 ) (-1451.909912 -4096 736 ) (-1515.909912 -4032 736 ) (-1024 -4032 736 ) 
4 70 75 (-1515.910278 -4096 736 ) (-2048 -4096 736 ) (-2048 -4032 736 ) (-1579.910400 -4032 736 ) 
4 70 74 (-2048 -4032 736 ) (-2048 -3968 736 ) (-1579.909912 -3968 736 ) (-1579.910034 -4032 736 ) 
3 70 73 (-1579.909912 -3968 736 ) (-1515.909912 -4032 736 ) (-1579.910034 -4032 736 ) 
3 70 72 (-2048 -3968 736 ) (-2048 -3499.909912 736 ) (-1579.909912 -3968 736 ) 
5 70 71 (-2048 -3499.909912 736 ) (-2048 -3072 736 ) (-1024 -3072 736 ) (-1024 -4032 736 ) (-1515.909912 -4032 736 ) 
4 71 114 (-2048 -3072 736 ) (-2048 -3072 112 ) (-2048 -3499.909912 112 ) (-2048 -3499.909912 736 ) 
5 71 78 (-2048 -3072 112 ) (-1024 -3072 112 ) (-1024 -4032 112 ) (-1515.909912 -4032 112 ) (-2048 -3499.909912 112 ) 
4 71 76 (-1515.909912 -4032 112 ) (-1024 -4032 112 ) (-1024 -4032 736 ) (-1515.909912 -4032 736 ) 
4 71 73 (-1579.906250 -3968 112 ) (-1515.906250 -4032 112 ) (-1515.906250 -4032 736 ) (-1579.906250 -3968 736 ) 
4 71 72 (-2048 -3499.906250 112 ) (-1579.906250 -3968 112 ) (-1579.906250 -3968 736 ) (-2048 -3499.906250 736 ) 
4 72 114 (-2048 -3499.909912 112 ) (-2048 -3968 112 ) (-2048 -3968 736 ) (-2048 -3499.909912 736 ) 
3 72 78 (-2048 -3968 112 ) (-2048 -3499.909912 112 ) (-1579.909912 -3968 112 ) 
4 72 74 (-2048 -3968 112 ) (-1579.908203 -3968 112 ) (-1579.908203 -3968 736 ) (-2048 -3968 736 ) 
3 73 78 (-1515.909912 -4032 112 ) (-1579.910034 -4032 112 ) (-1579.909912 -3968 112 ) 
4 73 77 (-1579.910034 -4032 112 ) (-1515.909912 -4032 112 ) (-1515.909912 -4032 736 ) (-1579.910034 -4032 736 ) 
4 73 74 (-1579.910034 -3968 736 ) (-1579.910034 -3968 112 ) (-1579.910034 -4032 112 ) (-1579.910034 -4032 736 ) 
4 74 115 (-2048 -3968 112 ) (-2048 -4032 112 ) (-2048 -4032 736 ) (-2048 -3968 736 ) 
4 74 78 (-1579.910034 -4032 112 ) (-2048 -4032 112 ) (-2048 -3968 112 ) (-1579.909912 -3968 112 ) 
4 74 75 (-2048 -4032 112 ) (-1579.910034 -4032 112 ) (-1579.910034 -4032 736 ) (-2048 -4032 736 ) 
4 75 117 (-2048 -4032 112 ) (-2048 -4096 112 ) (-2048 -4096 736 ) (-2048 -4032 736 ) 
4 75 88 (-1515.910278 -4096 736 ) (-2048 -4096 736 ) (-2048 -4096 112 ) (-1515.910278 -4096 112 ) 
4 75 78 (-1515.910278 -4096 112 ) (-2048 -4096 112 ) (-2048 -4032 112 ) (-1579.910400 -4032 112 ) 
4 75 77 (-1515.914063 -4096 112 ) (-1579.916016 -4032 112 ) (-1579.916016 -4032 736 ) (-1515.916016 -4096 736 ) 
4 76 82 (-1024 -4096 112 ) (-1024 -4096 736 ) (-1451.909912 -4096 736 ) (-1451.909912 -4096 112 ) 
4 76 78 (-1024 -4032 112 ) (-1024 -4096 112 ) (-1451.909912 -4096 112 ) (-1515.909912 -4032 112 ) 
4 76 77 (-1515.906250 -4032 736 ) (-1515.906250 -4032 112 ) (-1451.906250 -4096 112 ) (-1451.906250 -4096 736 ) 
4 77 89 (-1451.909912 -4096 736 ) (-1515.910278 -4096 736 ) (-1515.910278 -4096 112 ) (-1451.909912 -4096 112 ) 
4 77 78 (-1451.909912 -4096 112 ) (-1515.910278 -4096 112 ) (-1579.910400 -4032 112 ) (-1515.909912 -4032 112 ) 
4 78 116 (-2048 -3968 -1024 ) (-2048 -4032 -1024 ) (-2048 -4032 112 ) (-2048 -3968 112 ) 
4 78 114 (-2048 -3072 112 ) (-2048 -3072 -1024 ) (-2048 -3968 -1024 ) (-2048 -3968 112 ) 
4 78 117 (-2048 -4032 -1024 ) (-2048 -4096 -1024 ) (-2048 -4096 112 ) (-2048 -4032 112 ) 
4 78 101 (-1024 -4096 -1024 ) (-1024 -4096 112 ) (-2048 -4096 112 ) (-2048 -4096 -1024 ) 
4 79 104 (0 -5120 -1024 ) (0 -5120 2304 ) (-1024 -5120 2304 ) (-1024 -5120 -1024 ) 
4 79 101 (-1024 -4096 112 ) (-1024 -4096 -1024 ) (-1024 -5120 -1024 ) (-1024 -5120 112 ) 
4 79 83 (-1024 -4523.909668 112 ) (-1024 -4864 112 ) (-1024 -4864 736 ) (-1024 -4523.909668 736 ) 
4 79 82 (-1024 -4096 736 ) (-1024 -4096 112 ) (-1024 -4523.909668 112 ) (-1024 -4523.909668 736 ) 
4 79 86 (-1024 -4864 112 ) (-1024 -5120 112 ) (-1024 -5120 736 ) (-1024 -4864 736 ) 
4 79 81 (-1024 -4096 864 ) (-1024 -4096 736 ) (-1024 -5120 736 ) (-1024 -5120 864 ) 
4 79 80 (-1024 -4096 2304 ) (-1024 -4096 864 ) (-1024 -5120 864 ) (-1024 -5120 2304 ) 
4 80 119 (-2048 -5120 864 ) (-2048 -5120 2304 ) (-2048 -4096 2304 ) (-2048 -4096 864 ) 
4 80 105 (-1024 -5120 864 ) (-1024 -5120 2304 ) (-2048 -5120 2304 ) (-2048 -5120 864 ) 
3 80 99 (-1572 -4544 864 ) (-1508 -4544 864 ) (-1521.473633 -4594.526367 864 ) 
3 80 98 (-1572 -4544 864 ) (-1558.526245 -4493.473633 864 ) (-1508 -4544 864 ) 
4 80 97 (-1661.599976 -5120 864 ) (-1725.599976 -5120 864 ) (-1572 -4544 864 ) (-1521.473633 -4594.526367 864 ) 
4 80 96 (-1700 -4416 864 ) (-1636 -4416 864 ) (-1558.526245 -4493.473633 864 ) (-1572 -4544 864 ) 
5 80 95 (-1725.599976 -5120 864 ) (-2048 -5120 864 ) (-2048 -4416 864 ) (-1700 -4416 864 ) (-1572 -4544 864 ) 
3 80 94 (-1636 -4416 864 ) (-1473.866699 -4416 864 ) (-1508 -4544 864 ) 
4 80 93 (-1451.910034 -5120 864 ) (-1661.599976 -5120 864 ) (-1473.866699 -4416 864 ) (-1451.910034 -4416 864 ) 
4 80 92 (-2048 -4416 864 ) (-2048 -4352 864 ) (-1700 -4352 864 ) (-1700 -4416 864 ) 
3 80 91 (-1700 -4352 864 ) (-1636 -4416 864 ) (-1700 -4416 864 ) 
4 80 90 (-1700 -4352 864 ) (-1451.910034 -4352 864 ) (-1451.910034 -4416 864 ) (-1636 -4416 864 ) 
4 80 87 (-2048 -4352 864 ) (-2048 -4096 864 ) (-1451.910034 -4096 864 ) (-1451.910034 -4352 864 ) 
4 80 81 (-1024 -4096 864 ) (-1024 -5120 864 ) (-1451.910034 -5120 864 ) (-1451.910034 -4096 864 ) 
4 81 106 (-1024 -5120 736 ) (-1024 -5120 864 ) (-1451.910034 -5120 864 ) (-1451.910034 -5120 736 ) 
4 81 93 (-1451.910034 -5120 736 ) (-1451.910034 -5120 864 ) (-1451.910034 -4416 864 ) (-1451.910034 -4416 736 ) 
4 81 90 (-1451.910034 -4416 864 ) (-1451.910034 -4352 864 ) (-1451.910034 -4352 736 ) (-1451.910034 -4416 736 ) 
4 81 87 (-1451.910034 -4352 864 ) (-1451.910034 -4096 864 ) (-1451.910034 -4096 736 ) (-1451.910034 -4352 736 ) 
4 81 85 (-1451.910034 -4864 736 ) (-1451.910034 -4160 736 ) (-1387.910034 -4160 736 ) (-1387.910034 -4864 736 ) 
3 81 84 (-1451.910034 -4160 736 ) (-1451.910034 -4096 736 ) (-1387.910034 -4160 736 ) 
4 81 83 (-1387.910034 -4160 736 ) (-1024 -4523.909668 736 ) (-1024 -4864 736 ) (-1387.910034 -4864 736 ) 
3 81 82 (-1451.910034 -4096 736 ) (-1024 -4096 736 ) (-1024 -4523.909668 736 ) 
4 81 86 (-1024 -5120 736 ) (-1451.910034 -5120 736 ) (-1451.910034 -4864 736 ) (-1024 -4864 736 ) 
3 82 101 (-1451.910034 -4096 112 ) (-1024 -4096 112 ) (-1024 -4523.909668 112 ) 
4 82 84 (-1387.910034 -4159.996094 736 ) (-1451.910034 -4095.996094 736 ) (-1451.910034 -4095.996094 112 ) (-1387.910034 -4159.996094 112 ) 
4 82 83 (-1024 -4523.906250 736 ) (-1387.910034 -4159.996094 736 ) (-1387.910034 -4159.996094 112 ) (-1024 -4523.906250 112 ) 
4 83 101 (-1387.910034 -4160 112 ) (-1024 -4523.909668 112 ) (-1024 -4864 112 ) (-1387.910034 -4864 112 ) 
4 83 85 (-1387.910034 -4159.998047 736 ) (-1387.910034 -4159.998047 112 ) (-1387.910034 -4864 112 ) (-1387.910034 -4864 736 ) 
4 83 86 (-1024 -4864 736 ) (-1387.910034 -4864 736 ) (-1387.910034 -4864 112 ) (-1024 -4864 112 ) 
3 84 101 (-1451.910034 -4160 112 ) (-1451.910034 -4096 112 ) (-1387.910034 -4160 112 ) 
4 84 89 (-1451.910034 -4096 112 ) (-1451.910034 -4160 112 ) (-1451.910034 -4160 736 ) (-1451.910034 -4096 736 ) 
4 84 85 (-1387.910034 -4160 112 ) (-1387.910034 -4160 736 ) (-1451.910034 -4160 736 ) (-1451.910034 -4160 112 ) 
4 85 101 (-1451.910034 -4864 112 ) (-1451.910034 -4160 112 ) (-1387.910034 -4160 112 ) (-1387.910034 -4864 112 ) 
4 85 93 (-1451.910034 -4864 240 ) (-1451.910034 -4864 736 ) (-1451.910034 -4416 736 ) (-1451.910034 -4416 240 ) 
4 85 90 (-1451.910034 -4416 736 ) (-1451.910034 -4352 736 ) (-1451.910034 -4352 240 ) (-1451.910034 -4416 240 ) 
4 85 100 (-1451.910034 -4352 112 ) (-1451.910034 -4864 112 ) (-1451.910034 -4864 240 ) (-1451.910034 -4352 240 ) 
4 85 88 (-1451.910034 -4160 112 ) (-1451.910034 -4352 112 ) (-1451.910034 -4352 736 ) (-1451.910034 -4160 736 ) 
4 85 86 (-1387.910034 -4864 736 ) (-1451.910034 -4864 736 ) (-1451.910034 -4864 112 ) (-1387.910034 -4864 112 ) 
4 86 106 (-1024 -5120 240 ) (-1024 -5120 736 ) (-1451.910034 -5120 736 ) (-1451.910034 -5120 240 ) 
4 86 109 (-1024 -5120 112 ) (-1024 -5120 240 ) (-1451.910034 -5120 240 ) (-1451.910034 -5120 112 ) 
4 86 101 (-1024 -5120 112 ) (-1451.910034 -5120 112 ) (-1451.910034 -4864 112 ) (-1024 -4864 112 ) 
4 86 93 (-1451.910034 -5120 240 ) (-1451.910034 -5120 736 ) (-1451.910034 -4864 736 ) (-1451.910034 -4864 240 ) 
4 86 100 (-1451.910034 -4864 112 ) (-1451.910034 -5120 112 ) (-1451.910034 -5120 240 ) (-1451.910034 -4864 240 ) 
4 87 120 (-2048 -4352 864 ) (-2048 -4096 864 ) (-2048 -4096 736 ) (-2048 -4352 736 ) 
4 87 92 (-1700 -4352 864 ) (-2048 -4352 864 ) (-2048 -4352 736 ) (-1700 -4352 736 ) 
4 87 90 (-1451.910034 -4352 736 ) (-1451.910034 -4352 864 ) (-1700 -4352 864 ) (-1700 -4352 736 ) 
3 87 89 (-1515.910156 -4096 736 ) (-1451.910034 -4096 736 ) (-1451.910034 -4160 736 ) 
5 87 88 (-1451.910034 -4352 736 ) (-2048 -4352 736 ) (-2048 -4096 736 ) (-1515.910156 -4096 736 ) (-1451.910034 -4160 736 ) 
4 88 120 (-2048 -4096 736 ) (-2048 -4096 112 ) (-2048 -4352 112 ) (-2048 -4352 736 ) 
5 88 101 (-2048 -4352 112 ) (-2048 -4096 112 ) (-1515.910156 -4096 112 ) (-1451.910034 -4160 112 ) (-1451.910034 -4352 112 ) 
4 88 92 (-1700 -4352 736 ) (-2048 -4352 736 ) (-2048 -4352 240 ) (-1700 -4352 240 ) 
4 88 90 (-1451.910034 -4352 240 ) (-1451.910034 -4352 736 ) (-1700 -4352 736 ) (-1700 -4352 240 ) 
4 88 100 (-2048 -4352 112 ) (-1451.910034 -4352 112 ) (-1451.910034 -4352 240 ) (-2048 -4352 240 ) 
4 88 89 (-1515.914063 -4096 736 ) (-1451.910034 -4160.003906 736 ) (-1451.910034 -4160.003906 112 ) (-1515.913940 -4096 112 ) 
3 89 101 (-1515.910156 -4096 112 ) (-1451.910034 -4096 112 ) (-1451.910034 -4160 112 ) 
4 90 94 (-1636 -4416 240 ) (-1473.866577 -4416 240 ) (-1473.866577 -4416 864 ) (-1636 -4416 864 ) 
4 90 93 (-1473.866577 -4416 240 ) (-1451.910034 -4416 240 ) (-1451.910034 -4416 864 ) (-1473.866577 -4416 864 ) 
4 90 91 (-1700 -4352 864 ) (-1700 -4352 240 ) (-1636 -4416 240 ) (-1636 -4416 864 ) 
4 90 100 (-1700 -4352 240 ) (-1451.910034 -4352 240 ) (-1451.910034 -4416 240 ) (-1636 -4416 240 ) 
4 91 96 (-1700 -4416 240 ) (-1636 -4416 240 ) (-1636 -4416 864 ) (-1700 -4416 864 ) 
3 91 100 (-1700 -4352 240 ) (-1636 -4416 240 ) (-1700 -4416 240 ) 
4 91 92 (-1700 -4352 864 ) (-1700 -4352 240 ) (-1700 -4416 240 ) (-1700 -4416 864 ) 
4 92 121 (-2048 -4416 864 ) (-2048 -4352 864 ) (-2048 -4352 240 ) (-2048 -4416 240 ) 
4 92 95 (-2048 -4416 240 ) (-1700 -4416 240 ) (-1700 -4416 864 ) (-2048 -4416 864 ) 
4 92 100 (-2048 -4352 240 ) (-1700 -4352 240 ) (-1700 -4416 240 ) (-2048 -4416 240 ) 
4 93 106 (-1451.910034 -5120 864 ) (-1661.599976 -5120 864 ) (-1661.599976 -5120 240 ) (-1451.910034 -5120 240 ) 
4 93 99 (-1508 -4544 240 ) (-1521.473633 -4594.526367 240 ) (-1521.473877 -4594.526367 864 ) (-1508 -4544 864 ) 
4 93 97 (-1521.473633 -4594.526367 240 ) (-1661.599976 -5120 240 ) (-1661.600586 -5120 864 ) (-1521.473877 -4594.526367 864 ) 
4 93 94 (-1473.866699 -4416 864 ) (-1473.866699 -4416 240 ) (-1508 -4544 240 ) (-1508 -4544 864 ) 
4 93 100 (-1451.910034 -4416 240 ) (-1451.910034 -5120 240 ) (-1661.599976 -5120 240 ) (-1473.866699 -4416 240 ) 
4 94 98 (-1558.526245 -4493.473633 240 ) (-1508.001953 -4543.998047 240 ) (-1508.001953 -4543.998047 864 ) (-1558.526245 -4493.473633 864 ) 
4 94 96 (-1636 -4416 864 ) (-1636 -4416 240 ) (-1558.526245 -4493.473633 240 ) (-1558.526245 -4493.473633 864 ) 
3 94 100 (-1636 -4416 240 ) (-1473.866699 -4416 240 ) (-1508 -4544 240 ) 
4 95 123 (-2048 -5120 240 ) (-2048 -5120 864 ) (-2048 -4416 864 ) (-2048 -4416 240 ) 
4 95 107 (-1725.599976 -5120 864 ) (-2048 -5120 864 ) (-2048 -5120 240 ) (-1725.599976 -5120 240 ) 
4 95 97 (-1725.596680 -5120 240 ) (-1571.998535 -4544.001953 240 ) (-1571.998657 -4544.001465 864 ) (-1725.598267 -5120 864 ) 
5 95 100 (-1725.599976 -5120 240 ) (-2048 -5120 240 ) (-2048 -4416 240 ) (-1700 -4416 240 ) (-1572 -4544 240 ) 
4 95 96 (-1572 -4544 864 ) (-1572 -4544 240 ) (-1700 -4416 240 ) (-1700 -4416 864 ) 
4 96 98 (-1571.998535 -4544.001953 240 ) (-1558.525879 -4493.478516 240 ) (-1558.525879 -4493.478516 864 ) (-1571.998657 -4544.001465 864 ) 
4 96 100 (-1700 -4416 240 ) (-1636 -4416 240 ) (-1558.526245 -4493.473633 240 ) (-1572 -4544 240 ) 
4 97 108 (-1661.599976 -5120 864 ) (-1725.599976 -5120 864 ) (-1725.599976 -5120 240 ) (-1661.599976 -5120 240 ) 
4 97 99 (-1521.473267 -4594.526855 864 ) (-1521.473267 -4594.526855 240 ) (-1572 -4544 240 ) (-1572 -4544 864 ) 
4 97 100 (-1661.599976 -5120 240 ) (-1725.599976 -5120 240 ) (-1572 -4544 240 ) (-1521.473633 -4594.526367 240 ) 
3 98 100 (-1572 -4544 240 ) (-1558.526245 -4493.473633 240 ) (-1508 -4544 240 ) 
4 98 99 (-1571.998047 -4544 864 ) (-1571.998047 -4544 240 ) (-1508 -4544 240 ) (-1508 -4544 864 ) 
3 99 100 (-1572 -4544 240 ) (-1508 -4544 240 ) (-1521.473633 -4594.526367 240 ) 
4 100 122 (-2048 -4416 240 ) (-2048 -4352 240 ) (-2048 -4352 112 ) (-2048 -4416 112 ) 
4 100 123 (-2048 -5120 112 ) (-2048 -5120 240 ) (-2048 -4416 240 ) (-2048 -4416 112 ) 
4 100 109 (-2048 -5120 240 ) (-2048 -5120 112 ) (-1451.910034 -5120 112 ) (-1451.910034 -5120 240 ) 
4 100 101 (-1451.910034 -5120 112 ) (-2048 -5120 112 ) (-2048 -4352 112 ) (-1451.910034 -4352 112 ) 
4 101 122 (-2048 -4416 112 ) (-2048 -4352 112 ) (-2048 -4352 -1024 ) (-2048 -4416 -1024 ) 
4 101 120 (-2048 -4352 112 ) (-2048 -4096 112 ) (-2048 -4096 -1024 ) (-2048 -4352 -1024 ) 
4 101 123 (-2048 -5120 -1024 ) (-2048 -5120 112 ) (-2048 -4416 112 ) (-2048 -4416 -1024 ) 
4 101 109 (-1024 -5120 -1024 ) (-1024 -5120 112 ) (-2048 -5120 112 ) (-2048 -5120 -1024 ) 
4 102 104 (0 -5120 2304 ) (0 -5120 -1024 ) (0 -6144 -1024 ) (0 -6144 2304 ) 
4 102 103 (1024 -6144 -1024 ) (1024 -6144 2304 ) (0 -6144 2304 ) (0 -6144 -1024 ) 
4 103 111 (0 -6656 2304 ) (0 -6144 2304 ) (0 -6144 -1024 ) (0 -6656 -1024 ) 
4 104 111 (0 -6144 -1024 ) (0 -6144 2304 ) (-1024 -6144 2304 ) (-1024 -6144 -1024 ) 
4 104 106 (-1024 -5120 864 ) (-1024 -5120 240 ) (-1024 -5504 240 ) (-1024 -5504 864 ) 
4 104 109 (-1024 -5120 240 ) (-1024 -5120 -1024 ) (-1024 -5504 -1024 ) (-1024 -5504 240 ) 
4 104 110 (-1024 -5504 -1024 ) (-1024 -6144 -1024 ) (-1024 -6144 864 ) (-1024 -5504 864 ) 
4 104 105 (-1024 -5120 2304 ) (-1024 -5120 864 ) (-1024 -6144 864 ) (-1024 -6144 2304 ) 
4 105 124 (-2048 -6144 864 ) (-2048 -6144 2304 ) (-2048 -5120 2304 ) (-2048 -5120 864 ) 
4 105 112 (-1024 -6144 864 ) (-1024 -6144 2304 ) (-2048 -6144 2304 ) (-2048 -6144 864 ) 
4 105 108 (-1725.599854 -5120 864 ) (-1661.600098 -5120 864 ) (-1764 -5504 864 ) (-1828 -5504 864 ) 
4 105 107 (-2048 -5504 864 ) (-2048 -5120 864 ) (-1725.599854 -5120 864 ) (-1828 -5504 864 ) 
4 105 106 (-1661.600098 -5120 864 ) (-1024 -5120 864 ) (-1024 -5504 864 ) (-1764 -5504 864 ) 
4 105 110 (-1024 -6144 864 ) (-2048 -6144 864 ) (-2048 -5504 864 ) (-1024 -5504 864 ) 
4 106 108 (-1661.599976 -5120 240 ) (-1764 -5504 240 ) (-1764 -5504 864 ) (-1661.599976 -5120 864 ) 
4 106 109 (-1024 -5504 240 ) (-1764 -5504 240 ) (-1661.600098 -5120 240 ) (-1024 -5120 240 ) 
4 106 110 (-1024 -5504 240 ) (-1024 -5504 864 ) (-1764 -5504 864 ) (-1764 -5504 240 ) 
4 107 124 (-2048 -5504 864 ) (-2048 -5120 864 ) (-2048 -5120 240 ) (-2048 -5504 240 ) 
4 107 110 (-1828 -5504 864 ) (-2048 -5504 864 ) (-2048 -5504 240 ) (-1828 -5504 240 ) 
4 107 109 (-1828 -5504 240 ) (-2048 -5504 240 ) (-2048 -5120 240 ) (-1725.599854 -5120 240 ) 
4 107 108 (-1828 -5504 864 ) (-1828 -5504 240 ) (-1725.598999 -5120 240 ) (-1725.599609 -5120 864 ) 
4 108 110 (-1764 -5504 864 ) (-1828 -5504 864 ) (-1828 -5504 240 ) (-1764 -5504 240 ) 
4 108 109 (-1764 -5504 240 ) (-1828 -5504 240 ) (-1725.599854 -5120 240 ) (-1661.600098 -5120 240 ) 
4 109 124 (-2048 -5120 240 ) (-2048 -5120 -1024 ) (-2048 -5504 -1024 ) (-2048 -5504 240 ) 
4 109 110 (-2048 -5504 -1024 ) (-1024 -5504 -1024 ) (-1024 -5504 240 ) (-2048 -5504 240 ) 
4 110 124 (-2048 -6144 -1024 ) (-2048 -6144 864 ) (-2048 -5504 864 ) (-2048 -5504 -1024 ) 
4 110 112 (-1024 -6144 -1024 ) (-1024 -6144 864 ) (-2048 -6144 864 ) (-2048 -6144 -1024 ) 
4 111 112 (-1024 -6144 2304 ) (-1024 -6144 -1024 ) (-1024 -6656 -1024 ) (-1024 -6656 2304 ) 
4 112 125 (-2048 -6656 2304 ) (-2048 -6144 2304 ) (-2048 -6144 -1024 ) (-2048 -6656 -1024 ) 
4 113 120 (-2048 -4096 736 ) (-2048 -4096 864 ) (-3072 -4096 864 ) (-3072 -4096 736 ) 
4 113 119 (-2048 -4096 864 ) (-2048 -4096 2304 ) (-3072 -4096 2304 ) (-3072 -4096 864 ) 
4 113 115 (-2048 -3968 736 ) (-2048 -4032 736 ) (-2923.909912 -4032 736 ) (-2923.909912 -3968 736 ) 
4 113 114 (-2923.909912 -3072 736 ) (-2048 -3072 736 ) (-2048 -3968 736 ) (-2923.909912 -3968 736 ) 
4 113 117 (-2048 -4032 736 ) (-2048 -4096 736 ) (-2923.909912 -4096 736 ) (-2923.909912 -4032 736 ) 
4 113 118 (-3072 -4096 736 ) (-3072 -3072 736 ) (-2923.909912 -3072 736 ) (-2923.909912 -4096 736 ) 
4 114 116 (-2923.909912 -3968 112 ) (-2923.909912 -3968 -1024 ) (-2048 -3968 -1024 ) (-2048 -3968 112 ) 
4 114 115 (-2923.909912 -3968 736 ) (-2923.909912 -3968 112 ) (-2048 -3968 112 ) (-2048 -3968 736 ) 
4 114 118 (-2923.909912 -3072 -1024 ) (-2923.909912 -3968 -1024 ) (-2923.909912 -3968 736 ) (-2923.909912 -3072 736 ) 
4 115 118 (-2923.909912 -4032 112 ) (-2923.909912 -4032 736 ) (-2923.909912 -3968 736 ) (-2923.909912 -3968 112 ) 
4 115 117 (-2923.909912 -4032 736 ) (-2923.909912 -4032 112 ) (-2048 -4032 112 ) (-2048 -4032 736 ) 
4 115 116 (-2048 -4032 112 ) (-2923.909912 -4032 112 ) (-2923.909912 -3968 112 ) (-2048 -3968 112 ) 
4 116 118 (-2923.909912 -3968 -1024 ) (-2923.909912 -4032 -1024 ) (-2923.909912 -4032 112 ) (-2923.909912 -3968 112 ) 
4 116 117 (-2923.909912 -4032 112 ) (-2923.909912 -4032 -1024 ) (-2048 -4032 -1024 ) (-2048 -4032 112 ) 
4 117 120 (-2048 -4096 -1024 ) (-2048 -4096 736 ) (-2923.909912 -4096 736 ) (-2923.909912 -4096 -1024 ) 
4 117 118 (-2923.909912 -4032 -1024 ) (-2923.909912 -4096 -1024 ) (-2923.909912 -4096 736 ) (-2923.909912 -4032 736 ) 
4 118 120 (-2923.909912 -4096 736 ) (-3072 -4096 736 ) (-3072 -4096 -1024 ) (-2923.909912 -4096 -1024 ) 
4 119 124 (-2048 -5120 864 ) (-2048 -5120 2304 ) (-3072 -5120 2304 ) (-3072 -5120 864 ) 
4 119 121 (-3072 -4416 864 ) (-3072 -4352 864 ) (-2048 -4352 864 ) (-2048 -4416 864 ) 
4 119 120 (-3072 -4352 864 ) (-3072 -4096 864 ) (-2048 -4096 864 ) (-2048 -4352 864 ) 
4 119 123 (-3072 -5120 864 ) (-3072 -4416 864 ) (-2048 -4416 864 ) (-2048 -5120 864 ) 
4 120 122 (-3072 -4352 -1024 ) (-2048 -4352 -1024 ) (-2048 -4352 240 ) (-3072 -4352 240 ) 
4 120 121 (-2048 -4352 240 ) (-2048 -4352 864 ) (-3072 -4352 864 ) (-3072 -4352 240 ) 
4 121 123 (-2048 -4416 240 ) (-2048 -4416 864 ) (-3072 -4416 864 ) (-3072 -4416 240 ) 
4 121 122 (-2048 -4416 240 ) (-3072 -4416 240 ) (-3072 -4352 240 ) (-2048 -4352 240 ) 
4 122 123 (-3072 -4416 -1024 ) (-2048 -4416 -1024 ) (-2048 -4416 240 ) (-3072 -4416 240 ) 
4 123 124 (-2048 -5120 -1024 ) (-2048 -5120 864 ) (-3072 -5120 864 ) (-3072 -5120 -1024 ) 
4 124 125 (-2048 -6144 -1024 ) (-2048 -6144 2304 ) (-3072 -6144 2304 ) (-3072 -6144 -1024 ) 
