


materialPath: F:\Software\Steam\steamapps\common\Source SDK Base 2013 Multiplayer\hl2\materials
Loading f:\software\steam\steamapps\sourcemods\projectstormfront\game\maps\psf_village01_alpha.vmf
Could not locate 'GameData' key in f:\software\steam\steamapps\common\source sdk base 2013 multiplayer\hl2\gameinfo.txt
fixing up env_cubemap materials on brush sides...
0...1...2...3...4...5...6...7...8...9...100...1...2...3...4...5...6...7...8...9...10Processing areas...done (0)
Building Faces...done (0)
FixTjuncs...
PruneNodes...
WriteBSP...
done (0)
writing f:\software\steam\steamapps\sourcemods\projectstormfront\game\maps\psf_village01_alpha.prt...Building visibility clusters...
done (0)
Creating default LDR cubemaps for env_cubemap using skybox materials:
   skybox/sky_day01_01*.vmt
 ! Run buildcubemaps in the engine to get the correct cube maps.
Creating default HDR cubemaps for env_cubemap using skybox materials:
   skybox/sky_day01_01*.vmt
 ! Run buildcubemaps in the engine to get the correct cube maps.
Finding displacement neighbors...
Finding lightmap sample positions...
Displacement Alpha : 0...1...2...3...4...5...6...7...8...9...10
Building Physics collision data...
done (0) (2705 bytes)
Placing detail props : 0...1...2...3...4...5...6...7...8...9...10
Compacting texture/material tables...
Reduced 7 texinfos to 3
Reduced 3 texdatas to 3 (58 bytes to 58)
Writing f:\software\steam\steamapps\sourcemods\projectstormfront\game\maps\psf_village01_alpha.bsp
Wrote ZIP buffer, estimated size 105921, actual size 105707
0 seconds elapsed



24 threads
reading f:\software\steam\steamapps\sourcemods\projectstormfront\game\maps\psf_village01_alpha.bsp
reading f:\software\steam\steamapps\sourcemods\projectstormfront\game\maps\psf_village01_alpha.prt
  20 portalclusters
  36 numportals
0...1...2...3...4...5...6...7...8...9...100...1...2...3...4...5...6...7...8...9...10Optimized: 0 visible clusters (0.00%)
Total clusters visible: 368
Average clusters visible: 18
Building PAS...
Average clusters audible: 20
visdatasize:284  compressed from 320
writing f:\software\steam\steamapps\sourcemods\projectstormfront\game\maps\psf_village01_alpha.bsp
0 seconds elapsed



Could not find lights.rad in lights.rad.
Trying VRAD BIN directory instead...
Warning: Couldn't open texlight file F:\Software\Steam\steamapps\common\Source SDK Base 2013 Multiplayer\bin\lights.rad.
Loading f:\software\steam\steamapps\sourcemods\projectstormfront\game\maps\psf_village01_alpha.bsp
84 faces
222264 square feet [32006144.00 square inches]
0 Displacements
0 Square Feet [0.00 Square Inches]
84 patches before subdivision
2324 patches after subdivision
0 direct lights
0...1...2...3...4...5...6...7...8...9...100...1...2...3...4...5...6...7...8...9...10transfers 1556, max 64
transfer lists:   0.0 megs
0...1...2...3...4...5...6...7...8...9...10	Bounce #1 added RGB(0, 0, 0)
Build Patch/Sample Hash Table(s).....Done<0.0015 sec>
0...1...2...3...4...5...6...7...8...9...10FinalLightFace Done
0 of 0 (0% of) surface lights went in leaf ambient cubes.
0...1...2...3...4...5...6...7...8...9...10Writing leaf ambient...done
Ready to Finish

Object names       Objects/Maxobjs  Memory / Maxmem  Fullness 
------------       ---------------  ---------------  -------- 
models                   1/1024           48/49152    ( 0.1%) 
brushes                  7/8192           84/98304    ( 0.1%) 
brushsides              42/65536         336/524288   ( 0.1%) 
planes                  52/65536        1040/1310720  ( 0.1%) 
vertexes               125/65536        1500/786432   ( 0.2%) 
nodes                   83/65536        2656/2097152  ( 0.1%) 
texinfos                 3/12288         216/884736   ( 0.0%) 
texdata                  3/2048           96/65536    ( 0.1%) 
dispinfos                0/0               0/0        ( 0.0%) 
disp_verts               0/0               0/0        ( 0.0%) 
disp_tris                0/0               0/0        ( 0.0%) 
disp_lmsamples           0/0               0/0        ( 0.0%) 
faces                   84/65536        4704/3670016  ( 0.1%) 
hdr faces                0/65536           0/3670016  ( 0.0%) 
origfaces                7/65536         392/3670016  ( 0.0%) 
leaves                  85/65536        2720/2097152  ( 0.1%) 
leaffaces               84/65536         168/131072   ( 0.1%) 
leafbrushes             52/65536         104/131072   ( 0.1%) 
areas                    2/256            16/2048     ( 0.8%) 
surfedges              364/512000       1456/2048000  ( 0.1%) 
edges                  209/256000        836/1024000  ( 0.1%) 
LDR worldlights          0/8192            0/720896   ( 0.0%) 
HDR worldlights          0/8192            0/720896   ( 0.0%) 
leafwaterdata            0/32768           0/393216   ( 0.0%) 
waterstrips              0/32768           0/327680   ( 0.0%) 
waterverts               0/65536           0/786432   ( 0.0%) 
waterindices             0/65536           0/131072   ( 0.0%) 
cubemapsamples           0/1024            0/16384    ( 0.0%) 
overlays                 0/512             0/180224   ( 0.0%) 
LDR lightdata         [variable]       74128/0        ( 0.0%) 
HDR lightdata         [variable]           0/0        ( 0.0%) 
visdata               [variable]         284/16777216 ( 0.0%) 
entdata               [variable]         335/393216   ( 0.1%) 
LDR ambient table       85/65536         340/262144   ( 0.1%) 
HDR ambient table       85/65536         340/262144   ( 0.1%) 
LDR leaf ambient        20/65536         560/1835008  ( 0.0%) 
HDR leaf ambient        85/65536        2380/1835008  ( 0.1%) 
occluders                0/0               0/0        ( 0.0%) 
occluder polygons        0/0               0/0        ( 0.0%) 
occluder vert ind        0/0               0/0        ( 0.0%) 
detail props          [variable]           1/12       ( 8.3%) 
static props          [variable]           1/12       ( 8.3%) 
pakfile               [variable]      105707/0        ( 0.0%) 
physics               [variable]        2705/4194304  ( 0.1%) 
physics terrain       [variable]           2/1048576  ( 0.0%) 

Level flags = 0

Total triangle count: 168
Writing f:\software\steam\steamapps\sourcemods\projectstormfront\game\maps\psf_village01_alpha.bsp
0 seconds elapsed
