PRT1
20
36
4 0 2 (1120 1024 1888 ) (1024 1024 1888 ) (1024 1024 -96 ) (1120 1024 -96 ) 
4 0 1 (1024 1024 -96 ) (1024 1024 1888 ) (1024 1120 1888 ) (1024 1120 -96 ) 
4 1 5 (0 1024 -96 ) (0 1024 1888 ) (0 1120 1888 ) (0 1120 -96 ) 
4 1 4 (1024 1024 -96 ) (1024 1024 0 ) (0 1024 0 ) (0 1024 -96 ) 
4 1 3 (1024 1024 64 ) (1024 1024 1888 ) (0 1024 1888 ) (0 1024 64 ) 
4 2 10 (1120 0 1888 ) (1024 0 1888 ) (1024 0 -96 ) (1120 0 -96 ) 
4 2 4 (1024 1024 0 ) (1024 1024 -96 ) (1024 0 -96 ) (1024 0 0 ) 
4 2 3 (1024 1024 1888 ) (1024 1024 64 ) (1024 0 64 ) (1024 0 1888 ) 
4 3 11 (1024 0 64 ) (1024 0 1888 ) (0 0 1888 ) (0 0 64 ) 
4 3 6 (0 0 64 ) (0 0 1888 ) (0 1024 1888 ) (0 1024 64 ) 
4 4 12 (1024 0 -96 ) (1024 0 0 ) (0 0 0 ) (0 0 -96 ) 
4 4 7 (0 0 -96 ) (0 0 0 ) (0 1024 0 ) (0 1024 -96 ) 
4 5 8 (-1024 1024 -96 ) (-1024 1024 1888 ) (-1024 1120 1888 ) (-1024 1120 -96 ) 
4 5 7 (0 1024 -96 ) (0 1024 0 ) (-1024 1024 0 ) (-1024 1024 -96 ) 
4 5 6 (0 1024 64 ) (0 1024 1888 ) (-1024 1024 1888 ) (-1024 1024 64 ) 
4 6 15 (0 0 64 ) (0 0 1888 ) (-1024 0 1888 ) (-1024 0 64 ) 
4 6 9 (-1024 0 64 ) (-1024 0 1888 ) (-1024 1024 1888 ) (-1024 1024 64 ) 
4 7 16 (0 0 -96 ) (0 0 0 ) (-1024 0 0 ) (-1024 0 -96 ) 
4 7 9 (-1024 0 -96 ) (-1024 0 0 ) (-1024 1024 0 ) (-1024 1024 -96 ) 
4 8 9 (-1024 1024 -96 ) (-1024 1024 1888 ) (-1120 1024 1888 ) (-1120 1024 -96 ) 
4 9 17 (-1024 0 -96 ) (-1024 0 1888 ) (-1120 0 1888 ) (-1120 0 -96 ) 
4 10 13 (1120 -1024 1888 ) (1024 -1024 1888 ) (1024 -1024 -96 ) (1120 -1024 -96 ) 
4 10 12 (1024 -1024 -96 ) (1024 -1024 0 ) (1024 0 0 ) (1024 0 -96 ) 
4 10 11 (1024 -1024 64 ) (1024 -1024 1888 ) (1024 0 1888 ) (1024 0 64 ) 
4 11 15 (0 0 1888 ) (0 0 64 ) (0 -1024 64 ) (0 -1024 1888 ) 
4 11 14 (1024 -1024 64 ) (1024 -1024 1888 ) (0 -1024 1888 ) (0 -1024 64 ) 
4 12 16 (0 0 0 ) (0 0 -96 ) (0 -1024 -96 ) (0 -1024 0 ) 
4 12 14 (1024 -1024 -96 ) (1024 -1024 0 ) (0 -1024 0 ) (0 -1024 -96 ) 
4 13 14 (1024 -1024 1888 ) (1024 -1024 -96 ) (1024 -1120 -96 ) (1024 -1120 1888 ) 
4 14 18 (0 -1120 1888 ) (0 -1024 1888 ) (0 -1024 -96 ) (0 -1120 -96 ) 
4 15 18 (0 -1024 64 ) (0 -1024 1888 ) (-1024 -1024 1888 ) (-1024 -1024 64 ) 
4 15 17 (-1024 0 1888 ) (-1024 0 64 ) (-1024 -1024 64 ) (-1024 -1024 1888 ) 
4 16 18 (0 -1024 -96 ) (0 -1024 0 ) (-1024 -1024 0 ) (-1024 -1024 -96 ) 
4 16 17 (-1024 0 0 ) (-1024 0 -96 ) (-1024 -1024 -96 ) (-1024 -1024 0 ) 
4 17 19 (-1024 -1024 -96 ) (-1024 -1024 1888 ) (-1120 -1024 1888 ) (-1120 -1024 -96 ) 
4 18 19 (-1024 -1024 1888 ) (-1024 -1024 -96 ) (-1024 -1120 -96 ) (-1024 -1120 1888 ) 
