Build started 6/6/2018 7:22:18 AM.
     1>Project "C:\mp\src\utils\phonemeextractor\phonemeextractor.vcxproj" on node 3 (Build target(s)).
     1>PreBuildEvent:
         if EXIST ..\..\..\game\bin\phonemeextractors\.\phonemeextractor.dll for /f "delims=" %%A in ('attrib "..\..\..\game\bin\phonemeextractors\.\phonemeextractor.dll"') do set valveTmpIsReadOnly="%%A"
         set valveTmpIsReadOnlyLetter=%valveTmpIsReadOnly:~6,1%
         if "%valveTmpIsReadOnlyLetter%"=="R" del /q "C:\mp\src\utils\phonemeextractor\Release\"phonemeextractor.dll
         if exist "..\..\devtools\bin\vpc.exe" "..\..\devtools\bin\vpc.exe" -crc2 "phonemeextractor.vcxproj"
         if ERRORLEVEL 1 exit /b 1
         
         :VCEnd
       CustomBuild:
         Compiling pointeroverride.asm
          Assembling: C:\mp\src\public\tier0\pointeroverride.asm
         Microsoft (R) Macro Assembler Version 12.00.40629.0
         Copyright (C) Microsoft Corporation.  All rights reserved.
         
         Running VPC CRC Check - phonemeextractor.vpc
       ClCompile:
         G:\Software\VS2013\VC\bin\CL.exe /c /I..\..\common /I..\..\public /I..\..\public\tier0 /I..\..\public\tier1 /I../common /I../hlfaceposer /I../sapi51/include /Zi /nologo /W4 /WX /MP /O2 /Ob2 /Oi /Ot /Oy- /D VPC /D RAD_TELEMETRY_DISABLED /D WIN32 /D _WIN32 /D NDEBUG /D _WINDOWS /D _USRDLL /D _CRT_SECURE_NO_DEPRECATE /D _CRT_NONSTDC_NO_DEPRECATE /D _ALLOW_RUNTIME_LIBRARY_MISMATCH /D _ALLOW_ITERATOR_DEBUG_LEVEL_MISMATCH /D _ALLOW_MSC_VER_MISMATCH /D _USING_V110_SDK71_ /D _WINDLL /D _MBCS /D COMPILER_MSVC32 /D COMPILER_MSVC32 /D COMPILER_MSVC /D _DLL_EXT=.dll /D DLLNAME=phonemeextractor /D BINK_VIDEO /D AVI_VIDEO /D WMV_VIDEO /D DEV_BUILD /D FRAME_POINTER_OMISSION_DISABLED /D PHONEMEEXTRACTOR_EXPORTS /D _EXTERNAL_DLL_EXT=.dll /D VPCGAMECAPS=HL2MP /D PROJECTDIR=C:\mp\src\utils\phonemeextractor /D _DLL_EXT=.dll /D SOURCE1=1 /D VPCGAME=hl2mp /GF /Gm- /MT /GS /Gy /arch:SSE /fp:fast /Zc:wchar_t /Zc:forScope /GR /Fo".\Release\.\/" /Fd".\Release\.\/vc120.pdb" /Gd /TP /wd4316 /analyze- /FC /errorReport:prompt /Zm200 /Zo /Gw /Zc:inline /wd4995 extractor_utils.cpp ..\..\public\tier0\memoverride.cpp ..\..\public\phonemeconverter.cpp phonemeextractor.cpp ..\..\public\sentence.cpp
         extractor_utils.cpp
         memoverride.cpp
         phonemeconverter.cpp
         phonemeextractor.cpp
         sentence.cpp
       Link:
         G:\Software\VS2013\VC\bin\link.exe /ERRORREPORT:PROMPT /OUT:".\Release\.\\phonemeextractor.dll" /INCREMENTAL:NO /NOLOGO /LIBPATH:..\..\lib\common\. /LIBPATH:..\..\lib\public\. shell32.lib user32.lib advapi32.lib gdi32.lib comdlg32.lib ole32.lib odbc32.lib odbccp32.lib /NODEFAULTLIB:libc /NODEFAULTLIB:libcd /NODEFAULTLIB:libcmtd /NODEFAULTLIB:libcpmtd /NODEFAULTLIB:libcpmtd0 /NODEFAULTLIB:libcpmtd1 /MANIFEST:NO /DEBUG /PDB:".\Release\.\/phonemeextractor.pdb" /SUBSYSTEM:WINDOWS,"5.01" /OPT:REF /OPT:NOICF /TLBID:1 /DYNAMICBASE:NO /NXCOMPAT /IMPLIB:".\Release\.\phonemeextractor.lib" /MACHINE:X86 /SAFESEH:NO  /ignore:4221 /DLL .\Release\.\\pointeroverride.obj
         .\Release\.\/extractor_utils.obj
         .\Release\.\/memoverride.obj
         .\Release\.\/phonemeconverter.obj
         .\Release\.\/phonemeextractor.obj
         .\Release\.\/sentence.obj
         ..\..\lib\public\mathlib.lib
         ..\sapi51\lib\i386\sapi.lib
         ..\..\lib\public\tier0.lib
         ..\..\lib\public\tier1.lib
         ..\..\lib\public\vstdlib.lib
            Creating library .\Release\.\phonemeextractor.lib and object .\Release\.\phonemeextractor.exp
         phonemeextractor.vcxproj -> C:\mp\src\utils\phonemeextractor\.\Release\.\phonemeextractor.dll
       PostBuildEvent:
         if not exist "..\..\..\game\bin\phonemeextractors\." mkdir "..\..\..\game\bin\phonemeextractors\."
         copy "C:\mp\src\utils\phonemeextractor\Release\phonemeextractor.dll" "..\..\..\game\bin\phonemeextractors\.\phonemeextractor.dll"
         if ERRORLEVEL 1 goto BuildEventFailed
         if exist "C:\mp\src\utils\phonemeextractor\Release\phonemeextractor.map" copy "C:\mp\src\utils\phonemeextractor\Release\phonemeextractor.map" ..\..\..\game\bin\phonemeextractors\.\phonemeextractor.map
         copy "C:\mp\src\utils\phonemeextractor\Release\phonemeextractor.pdb" ..\..\..\game\bin\phonemeextractors\.\phonemeextractor.pdb
         if ERRORLEVEL 1 goto BuildEventFailed
         goto BuildEventOK
         :BuildEventFailed
         echo *** ERROR! PostBuildStep FAILED for Phonemeextractor! EXE or DLL is probably running. ***
         del /q "C:\mp\src\utils\phonemeextractor\Release\phonemeextractor.dll"
         exit 1
         :BuildEventOK
         
         :VCEnd
                 1 file(s) copied.
                 1 file(s) copied.
     1>Done Building Project "C:\mp\src\utils\phonemeextractor\phonemeextractor.vcxproj" (Build target(s)).

Build succeeded.

Time Elapsed 00:00:09.22
