Build started 6/2/2018 9:17:06 PM.
     1>Project "C:\sp\src\vgui2\vgui_controls\vgui_controls.vcxproj" on node 5 (Build target(s)).
     1>PreBuildEvent:
         if EXIST ..\..\lib\public\.\vgui_controls.lib ( for /f "delims=" %%A in ('attrib "..\..\lib\public\.\vgui_controls.lib"') do set valveTmpIsReadOnly="%%A"
         ) else ( if not EXIST ..\..\lib\public\. mkdir ..\..\lib\public\. )
         set valveTmpIsReadOnlyLetter=%valveTmpIsReadOnly:~6,1%
         if "%valveTmpIsReadOnlyLetter%"=="R" (
             attrib -r ..\..\lib\public\.\vgui_controls.lib
             ..\..\devtools\bin\gnu\touch.exe -d "1999-01-01" ..\..\lib\public\.\vgui_controls.lib
             attrib +r ..\..\lib\public\.\vgui_controls.lib
         )
         if exist "..\..\devtools\bin\vpc.exe" "..\..\devtools\bin\vpc.exe" -crc2 "vgui_controls.vcxproj"
         if ERRORLEVEL 1 exit /b 1
         
         :VCEnd
       CustomBuild:
         Running VPC CRC Check - vgui_controls.vpc
       ClCompile:
         G:\Software\VS2013\VC\bin\CL.exe /c /I..\..\common /I..\..\public /I..\..\public\tier0 /I..\..\public\tier1 /Igenerated_proto /I"..\..\thirdparty\protobuf-2.3.0\src" /I..\..\thirdparty /I..\..\thirdparty\cef /Igenerated_proto /ZI /nologo /W4 /WX /MP /Od /Oy- /D VPC /D RAD_TELEMETRY_DISABLED /D _HAS_ITERATOR_DEBUGGING=0 /D WIN32 /D _WIN32 /D _DEBUG /D DEBUG /D _LIB /D _CRT_SECURE_NO_DEPRECATE /D _CRT_NONSTDC_NO_DEPRECATE /D _ALLOW_RUNTIME_LIBRARY_MISMATCH /D _ALLOW_ITERATOR_DEBUG_LEVEL_MISMATCH /D _ALLOW_MSC_VER_MISMATCH /D _USING_V110_SDK71_ /D _MBCS /D COMPILER_MSVC32 /D COMPILER_MSVC32 /D COMPILER_MSVC /D _DLL_EXT=.dll /D LIBNAME=vgui_controls /D BINK_VIDEO /D AVI_VIDEO /D WMV_VIDEO /D DEV_BUILD /D FRAME_POINTER_OMISSION_DISABLED /D _EXTERNAL_DLL_EXT=.dll /D VPCGAMECAPS=VALVE /D PROJECTDIR=C:\sp\src\vgui2\vgui_controls /D _DLL_EXT=.dll /D SOURCE1=1 /D VPCGAME=valve /GF /Gm- /MTd /GS /arch:SSE /fp:fast /Zc:wchar_t /Zc:forScope /GR /openmp- /Fo".\Debug\.\/" /Fd".\Debug\.\/vc120.pdb" /Gd /TP /wd4316 /analyze- /FC /errorReport:prompt  /Gw AnalogBar.cpp AnimatingImagePanel.cpp AnimationController.cpp BitmapImagePanel.cpp BuildFactoryHelper.cpp BuildGroup.cpp BuildModeDialog.cpp Button.cpp CheckButton.cpp CheckButtonList.cpp CircularProgressBar.cpp ComboBox.cpp consoledialog.cpp ControllerMap.cpp controls.cpp CvarToggleCheckButton.cpp DirectorySelectDialog.cpp Divider.cpp EditablePanel.cpp ExpandButton.cpp FileOpenDialog.cpp FileOpenStateMachine.cpp ..\..\public\filesystem_helpers.cpp FocusNavGroup.cpp Frame.cpp GraphPanel.cpp HTML.cpp Image.cpp ImageList.cpp ImagePanel.cpp InputDialog.cpp KeyBindingHelpDialog.cpp KeyBoardEditorDialog.cpp KeyRepeat.cpp Label.cpp ListPanel.cpp ListViewPanel.cpp Menu.cpp MenuBar.cpp MenuButton.cpp MenuItem.cpp MessageBox.cpp MessageDialog.cpp Panel.cpp PanelListPanel.cpp PerforceFileExplorer.cpp PerforceFileList.cpp perforcefilelistframe.cpp ProgressBar.cpp ProgressBox.cpp PropertyDialog.cpp PropertyPage.cpp PropertySheet.cpp QueryBox.cpp RadioButton.cpp RichText.cpp RotatingProgressBar.cpp savedocumentquery.cpp ScalableImagePanel.cpp ScrollableEditablePanel.cpp ScrollBar.cpp ScrollBarSlider.cpp SectionedListPanel.cpp Slider.cpp Splitter.cpp subrectimage.cpp TextEntry.cpp TextImage.cpp ToggleButton.cpp Tooltip.cpp ToolWindow.cpp TreeView.cpp TreeViewListControl.cpp URLLabel.cpp ..\..\vgui2\src\vgui_key_translation.cpp WizardPanel.cpp WizardSubPanel.cpp
         AnalogBar.cpp
         AnimatingImagePanel.cpp
         AnimationController.cpp
         BitmapImagePanel.cpp
         BuildFactoryHelper.cpp
         BuildGroup.cpp
     1>Done Building Project "C:\sp\src\vgui2\vgui_controls\vgui_controls.vcxproj" (Build target(s)) -- FAILED.

Build FAILED.

Time Elapsed 00:00:07.26
