Build started 6/6/2018 7:26:55 AM.
     1>Project "C:\mp\src\utils\height2normal\height2normal.vcxproj" on node 4 (Build target(s)).
     1>PreBuildEvent:
         if EXIST ..\..\..\game\bin\.\height2normal.exe for /f "delims=" %%A in ('attrib "..\..\..\game\bin\.\height2normal.exe"') do set valveTmpIsReadOnly="%%A"
         set valveTmpIsReadOnlyLetter=%valveTmpIsReadOnly:~6,1%
         if "%valveTmpIsReadOnlyLetter%"=="R" del /q "C:\mp\src\utils\height2normal\Release\"height2normal.exe
         if exist "..\..\devtools\bin\vpc.exe" "..\..\devtools\bin\vpc.exe" -crc2 "height2normal.vcxproj"
         if ERRORLEVEL 1 exit /b 1
         
         :VCEnd
       Link:
         G:\Software\VS2013\VC\bin\link.exe /ERRORREPORT:PROMPT /OUT:".\Release\.\\height2normal.exe" /INCREMENTAL:NO /NOLOGO shell32.lib user32.lib advapi32.lib gdi32.lib comdlg32.lib ole32.lib /NODEFAULTLIB:libc /NODEFAULTLIB:libcd /NODEFAULTLIB:libcmtd /NODEFAULTLIB:libcpmtd /NODEFAULTLIB:libcpmtd0 /NODEFAULTLIB:libcpmtd1 /MANIFEST /MANIFESTUAC:"level='asInvoker' uiAccess='false'" /manifest:embed /DEBUG /PDB:".\Release\.\/height2normal.pdb" /SUBSYSTEM:CONSOLE,"5.01" /OPT:REF /OPT:NOICF /TLBID:1 /DYNAMICBASE:NO /NXCOMPAT /IMPLIB:".\Release\.\height2normal.lib" /MACHINE:X86 /SAFESEH:NO /NXCOMPAT /ignore:4221 .\Release\.\\pointeroverride.obj
         .\Release\.\/height2normal.obj
         ..\..\lib\public\bitmap.lib
         ..\..\lib\public\mathlib.lib
         ..\..\lib\public\tier0.lib
         ..\..\lib\public\tier1.lib
         ..\..\lib\public\tier2.lib
         ..\..\lib\public\vstdlib.lib
            Creating library .\Release\.\height2normal.lib and object .\Release\.\height2normal.exp
         height2normal.vcxproj -> C:\mp\src\utils\height2normal\.\Release\.\height2normal.exe
       PostBuildEvent:
         copy "C:\mp\src\utils\height2normal\Release\"height2normal.exe ..\..\..\game\bin\.\height2normal.exe >nul
         if ERRORLEVEL 1 goto BuildEventFailed
         if exist "C:\mp\src\utils\height2normal\Release\"height2normal.map copy "C:\mp\src\utils\height2normal\Release\"height2normal.map ..\..\..\game\bin\.\height2normal.map >nul
         copy "C:\mp\src\utils\height2normal\Release\"height2normal.pdb ..\..\..\game\bin\.\height2normal.pdb >nul
         if ERRORLEVEL 1 goto BuildEventFailed
         goto BuildEventOK
         :BuildEventFailed
         echo *** ERROR! PostBuildStep FAILED for Height2normal! EXE or DLL is probably running. ***
         del /q "C:\mp\src\utils\height2normal\Release\"height2normal.exe
         exit 1
         :BuildEventOK
         
         :VCEnd
     1>Done Building Project "C:\mp\src\utils\height2normal\height2normal.vcxproj" (Build target(s)).

Build succeeded.

Time Elapsed 00:00:02.38
